GAS LISTING /tmp/cc9bS9m4.s 			page 1


   1               		.file	"ShiftOut.c"
   2               	__SP_H__ = 0x3e
   3               	__SP_L__ = 0x3d
   4               	__SREG__ = 0x3f
   5               	__tmp_reg__ = 0
   6               	__zero_reg__ = 1
   7               		.stabs	"/home/edward/Microcontroller/Attiny85-20PU/TempSensor/",100,0,2,.Ltext0
   8               		.stabs	"../Libraries/ShiftOut.c",100,0,2,.Ltext0
   9               		.text
  10               	.Ltext0:
  11               		.stabs	"gcc2_compiled.",60,0,0,0
  12               		.stabs	"int:t(0,1)=r(0,1);-32768;32767;",128,0,0,0
  13               		.stabs	"char:t(0,2)=@s8;r(0,2);0;255;",128,0,0,0
  14               		.stabs	"long int:t(0,3)=@s32;r(0,3);020000000000;017777777777;",128,0,0,0
  15               		.stabs	"unsigned int:t(0,4)=r(0,4);0;0177777;",128,0,0,0
  16               		.stabs	"long unsigned int:t(0,5)=@s32;r(0,5);0;037777777777;",128,0,0,0
  17               		.stabs	"long long int:t(0,6)=@s64;r(0,6);01000000000000000000000;0777777777777777777777;",128,0,0,
  18               		.stabs	"long long unsigned int:t(0,7)=@s64;r(0,7);0;01777777777777777777777;",128,0,0,0
  19               		.stabs	"short int:t(0,8)=r(0,8);-32768;32767;",128,0,0,0
  20               		.stabs	"short unsigned int:t(0,9)=r(0,9);0;0177777;",128,0,0,0
  21               		.stabs	"signed char:t(0,10)=@s8;r(0,10);-128;127;",128,0,0,0
  22               		.stabs	"unsigned char:t(0,11)=@s8;r(0,11);0;255;",128,0,0,0
  23               		.stabs	"float:t(0,12)=r(0,1);4;0;",128,0,0,0
  24               		.stabs	"double:t(0,13)=r(0,1);4;0;",128,0,0,0
  25               		.stabs	"long double:t(0,14)=r(0,1);4;0;",128,0,0,0
  26               		.stabs	"short _Fract:t(0,15)=r(0,1);1;0;",128,0,0,0
  27               		.stabs	"_Fract:t(0,16)=r(0,1);2;0;",128,0,0,0
  28               		.stabs	"long _Fract:t(0,17)=r(0,1);4;0;",128,0,0,0
  29               		.stabs	"long long _Fract:t(0,18)=r(0,1);8;0;",128,0,0,0
  30               		.stabs	"unsigned short _Fract:t(0,19)=r(0,1);1;0;",128,0,0,0
  31               		.stabs	"unsigned _Fract:t(0,20)=r(0,1);2;0;",128,0,0,0
  32               		.stabs	"unsigned long _Fract:t(0,21)=r(0,1);4;0;",128,0,0,0
  33               		.stabs	"unsigned long long _Fract:t(0,22)=r(0,1);8;0;",128,0,0,0
  34               		.stabs	"_Sat short _Fract:t(0,23)=r(0,1);1;0;",128,0,0,0
  35               		.stabs	"_Sat _Fract:t(0,24)=r(0,1);2;0;",128,0,0,0
  36               		.stabs	"_Sat long _Fract:t(0,25)=r(0,1);4;0;",128,0,0,0
  37               		.stabs	"_Sat long long _Fract:t(0,26)=r(0,1);8;0;",128,0,0,0
  38               		.stabs	"_Sat unsigned short _Fract:t(0,27)=r(0,1);1;0;",128,0,0,0
  39               		.stabs	"_Sat unsigned _Fract:t(0,28)=r(0,1);2;0;",128,0,0,0
  40               		.stabs	"_Sat unsigned long _Fract:t(0,29)=r(0,1);4;0;",128,0,0,0
  41               		.stabs	"_Sat unsigned long long _Fract:t(0,30)=r(0,1);8;0;",128,0,0,0
  42               		.stabs	"short _Accum:t(0,31)=r(0,1);2;0;",128,0,0,0
  43               		.stabs	"_Accum:t(0,32)=r(0,1);4;0;",128,0,0,0
  44               		.stabs	"long _Accum:t(0,33)=r(0,1);8;0;",128,0,0,0
  45               		.stabs	"long long _Accum:t(0,34)=r(0,1);8;0;",128,0,0,0
  46               		.stabs	"unsigned short _Accum:t(0,35)=r(0,1);2;0;",128,0,0,0
  47               		.stabs	"unsigned _Accum:t(0,36)=r(0,1);4;0;",128,0,0,0
  48               		.stabs	"unsigned long _Accum:t(0,37)=r(0,1);8;0;",128,0,0,0
  49               		.stabs	"unsigned long long _Accum:t(0,38)=r(0,1);8;0;",128,0,0,0
  50               		.stabs	"_Sat short _Accum:t(0,39)=r(0,1);2;0;",128,0,0,0
  51               		.stabs	"_Sat _Accum:t(0,40)=r(0,1);4;0;",128,0,0,0
  52               		.stabs	"_Sat long _Accum:t(0,41)=r(0,1);8;0;",128,0,0,0
  53               		.stabs	"_Sat long long _Accum:t(0,42)=r(0,1);8;0;",128,0,0,0
  54               		.stabs	"_Sat unsigned short _Accum:t(0,43)=r(0,1);2;0;",128,0,0,0
  55               		.stabs	"_Sat unsigned _Accum:t(0,44)=r(0,1);4;0;",128,0,0,0
  56               		.stabs	"_Sat unsigned long _Accum:t(0,45)=r(0,1);8;0;",128,0,0,0
  57               		.stabs	"_Sat unsigned long long _Accum:t(0,46)=r(0,1);8;0;",128,0,0,0
GAS LISTING /tmp/cc9bS9m4.s 			page 2


  58               		.stabs	"void:t(0,47)=(0,47)",128,0,0,0
  59               		.stabs	"/usr/lib/avr/include/avr/pgmspace.h",130,0,0,0
  60               		.stabs	"/usr/lib/avr/include/inttypes.h",130,0,0,0
  61               		.stabs	"/usr/lib/gcc/avr/4.8.2/include/stdint.h",130,0,0,0
  62               		.stabs	"/usr/lib/avr/include/stdint.h",130,0,0,0
  63               		.stabs	"int8_t:t(4,1)=(0,10)",128,0,121,0
  64               		.stabs	"uint8_t:t(4,2)=(0,11)",128,0,122,0
  65               		.stabs	"int16_t:t(4,3)=(0,1)",128,0,123,0
  66               		.stabs	"uint16_t:t(4,4)=(0,4)",128,0,124,0
  67               		.stabs	"int32_t:t(4,5)=(0,3)",128,0,125,0
  68               		.stabs	"uint32_t:t(4,6)=(0,5)",128,0,126,0
  69               		.stabs	"int64_t:t(4,7)=(0,6)",128,0,128,0
  70               		.stabs	"uint64_t:t(4,8)=(0,7)",128,0,129,0
  71               		.stabs	"intptr_t:t(4,9)=(4,3)",128,0,142,0
  72               		.stabs	"uintptr_t:t(4,10)=(4,4)",128,0,147,0
  73               		.stabs	"int_least8_t:t(4,11)=(4,1)",128,0,159,0
  74               		.stabs	"uint_least8_t:t(4,12)=(4,2)",128,0,164,0
  75               		.stabs	"int_least16_t:t(4,13)=(4,3)",128,0,169,0
  76               		.stabs	"uint_least16_t:t(4,14)=(4,4)",128,0,174,0
  77               		.stabs	"int_least32_t:t(4,15)=(4,5)",128,0,179,0
  78               		.stabs	"uint_least32_t:t(4,16)=(4,6)",128,0,184,0
  79               		.stabs	"int_least64_t:t(4,17)=(4,7)",128,0,192,0
  80               		.stabs	"uint_least64_t:t(4,18)=(4,8)",128,0,199,0
  81               		.stabs	"int_fast8_t:t(4,19)=(4,1)",128,0,213,0
  82               		.stabs	"uint_fast8_t:t(4,20)=(4,2)",128,0,218,0
  83               		.stabs	"int_fast16_t:t(4,21)=(4,3)",128,0,223,0
  84               		.stabs	"uint_fast16_t:t(4,22)=(4,4)",128,0,228,0
  85               		.stabs	"int_fast32_t:t(4,23)=(4,5)",128,0,233,0
  86               		.stabs	"uint_fast32_t:t(4,24)=(4,6)",128,0,238,0
  87               		.stabs	"int_fast64_t:t(4,25)=(4,7)",128,0,246,0
  88               		.stabs	"uint_fast64_t:t(4,26)=(4,8)",128,0,253,0
  89               		.stabs	"intmax_t:t(4,27)=(4,7)",128,0,273,0
  90               		.stabs	"uintmax_t:t(4,28)=(4,8)",128,0,278,0
  91               		.stabn	162,0,0,0
  92               		.stabn	162,0,0,0
  93               		.stabs	"int_farptr_t:t(2,1)=(4,5)",128,0,77,0
  94               		.stabs	"uint_farptr_t:t(2,2)=(4,6)",128,0,81,0
  95               		.stabn	162,0,0,0
  96               		.stabs	"/usr/lib/gcc/avr/4.8.2/include/stddef.h",130,0,0,0
  97               		.stabs	"size_t:t(5,1)=(0,4)",128,0,212,0
  98               		.stabn	162,0,0,0
  99               		.stabs	"/usr/lib/avr/include/avr/io.h",130,0,0,0
 100               		.stabs	"/usr/lib/avr/include/avr/fuse.h",130,0,0,0
 101               		.stabs	"__fuse_t:t(7,1)=(7,2)=s3low:(0,11),0,8;high:(0,11),8,8;extended:(0,11),16,8;;",128,0,244,0
 102               		.stabn	162,0,0,0
 103               		.stabn	162,0,0,0
 104               		.stabn	162,0,0,0
 105               		.stabs	"/usr/lib/avr/include/stdio.h",130,0,0,0
 106               		.stabs	"/usr/lib/gcc/avr/4.8.2/include/stdarg.h",130,0,0,0
 107               		.stabs	"__gnuc_va_list:t(9,1)=(9,2)=*(0,47)",128,0,40,0
 108               		.stabs	"va_list:t(9,3)=(9,1)",128,0,98,0
 109               		.stabn	162,0,0,0
 110               		.stabs	"__file:T(8,1)=s14buf:(8,2)=*(0,2),0,16;unget:(0,11),16,8;flags:(4,2),24,8;size:(0,1),32,16
 111               		.stabn	162,0,0,0
 112               		.stabs	"ShiftOut:F(0,47)",36,0,10,ShiftOut
 113               		.stabs	"data:P(0,1)",64,0,10,20
 114               	.global	ShiftOut
GAS LISTING /tmp/cc9bS9m4.s 			page 3


 115               		.type	ShiftOut, @function
 116               	ShiftOut:
 117               		.stabd	46,0,0
   1:../Libraries/ShiftOut.c **** #include <avr/pgmspace.h>
   2:../Libraries/ShiftOut.c **** #include <stdio.h>
   3:../Libraries/ShiftOut.c **** #include <avr/io.h>
   4:../Libraries/ShiftOut.c **** 
   5:../Libraries/ShiftOut.c **** #include "ShiftOut.h"
   6:../Libraries/ShiftOut.c **** //int main(void){
   7:../Libraries/ShiftOut.c **** //}
   8:../Libraries/ShiftOut.c **** 
   9:../Libraries/ShiftOut.c **** 
  10:../Libraries/ShiftOut.c **** void ShiftOut(int SRCLK_Pin, int SER_Pin, int data){
 118               		.stabn	68,0,10,.LM0-.LFBB1
 119               	.LM0:
 120               	.LFBB1:
 121               	/* prologue: function */
 122               	/* frame size = 0 */
 123               	/* stack size = 0 */
 124               	.L__stack_usage = 0
  11:../Libraries/ShiftOut.c ****         //PORTD &= ~(1 << RCLK_Pin); This is the Latch Pin                              // Set the 
  12:../Libraries/ShiftOut.c ****         int i = 0;
  13:../Libraries/ShiftOut.c ****         for (i = 0; i < (8); i++){     // Now we are entering the loop to shift out 8+ bits
  14:../Libraries/ShiftOut.c **** 
  15:../Libraries/ShiftOut.c ****                 PORTB &= ~(1 << SRCLK_Pin);                     // Set the serial-clock pin low
 125               		.stabn	68,0,15,.LM1-.LFBB1
 126               	.LM1:
 127 0000 21E0      		ldi r18,lo8(1)
 128 0002 30E0      		ldi r19,0
 129 0004 00C0      		rjmp 2f
 130               		1:
 131 0006 220F      		lsl r18
 132               		2:
 133 0008 8A95      		dec r24
 134 000a 02F4      		brpl 1b
 135 000c B22F      		mov r27,r18
 136 000e B095      		com r27
  16:../Libraries/ShiftOut.c **** 
  17:../Libraries/ShiftOut.c ****                 PORTB |= (((data&(0x01<<i))>>i) << SER_Pin );   // Go through each bit of data and 
  18:../Libraries/ShiftOut.c **** 
  19:../Libraries/ShiftOut.c ****                 PORTB |= (1 << SRCLK_Pin);                      // Set the serial-clock pin high
 137               		.stabn	68,0,19,.LM2-.LFBB1
 138               	.LM2:
 139 0010 A22F      		mov r26,r18
  13:../Libraries/ShiftOut.c ****         for (i = 0; i < (8); i++){     // Now we are entering the loop to shift out 8+ bits
 140               		.stabn	68,0,13,.LM3-.LFBB1
 141               	.LM3:
 142 0012 E0E0      		ldi r30,0
 143 0014 F0E0      		ldi r31,0
  17:../Libraries/ShiftOut.c ****                 PORTB |= (((data&(0x01<<i))>>i) << SER_Pin );   // Go through each bit of data and 
 144               		.stabn	68,0,17,.LM4-.LFBB1
 145               	.LM4:
 146 0016 81E0      		ldi r24,lo8(1)
 147 0018 90E0      		ldi r25,0
 148               	.L3:
  15:../Libraries/ShiftOut.c ****                 PORTB &= ~(1 << SRCLK_Pin);                     // Set the serial-clock pin low
 149               		.stabn	68,0,15,.LM5-.LFBB1
GAS LISTING /tmp/cc9bS9m4.s 			page 4


 150               	.LM5:
 151 001a 38B3      		in r19,0x18
 152 001c 3B23      		and r19,r27
 153 001e 38BB      		out 0x18,r19
  17:../Libraries/ShiftOut.c ****                 PORTB |= (((data&(0x01<<i))>>i) << SER_Pin );   // Go through each bit of data and 
 154               		.stabn	68,0,17,.LM6-.LFBB1
 155               	.LM6:
 156 0020 78B3      		in r23,0x18
 157 0022 9C01      		movw r18,r24
 158 0024 0E2E      		mov r0,r30
 159 0026 00C0      		rjmp 2f
 160               		1:
 161 0028 220F      		lsl r18
 162 002a 331F      		rol r19
 163               		2:
 164 002c 0A94      		dec r0
 165 002e 02F4      		brpl 1b
 166 0030 2423      		and r18,r20
 167 0032 3523      		and r19,r21
 168 0034 0E2E      		mov r0,r30
 169 0036 00C0      		rjmp 2f
 170               		1:
 171 0038 3595      		asr r19
 172 003a 2795      		ror r18
 173               		2:
 174 003c 0A94      		dec r0
 175 003e 02F4      		brpl 1b
 176 0040 062E      		mov r0,r22
 177 0042 00C0      		rjmp 2f
 178               		1:
 179 0044 220F      		lsl r18
 180               		2:
 181 0046 0A94      		dec r0
 182 0048 02F4      		brpl 1b
 183 004a 722B      		or r23,r18
 184 004c 78BB      		out 0x18,r23
 185               		.stabn	68,0,19,.LM7-.LFBB1
 186               	.LM7:
 187 004e 38B3      		in r19,0x18
 188 0050 3A2B      		or r19,r26
 189 0052 38BB      		out 0x18,r19
  20:../Libraries/ShiftOut.c **** 
  21:../Libraries/ShiftOut.c ****                 PORTB &= ~(((data&(0x01<<i))>>i) << SER_Pin );  // Set the datapin low again    
 190               		.stabn	68,0,21,.LM8-.LFBB1
 191               	.LM8:
 192 0054 38B3      		in r19,0x18
 193 0056 2095      		com r18
 194 0058 2323      		and r18,r19
 195 005a 28BB      		out 0x18,r18
  13:../Libraries/ShiftOut.c ****         for (i = 0; i < (8); i++){     // Now we are entering the loop to shift out 8+ bits
 196               		.stabn	68,0,13,.LM9-.LFBB1
 197               	.LM9:
 198 005c 3196      		adiw r30,1
 199 005e E830      		cpi r30,8
 200 0060 F105      		cpc r31,__zero_reg__
 201 0062 01F4      		brne .L3
 202               	/* epilogue start */
GAS LISTING /tmp/cc9bS9m4.s 			page 5


  22:../Libraries/ShiftOut.c ****         }
  23:../Libraries/ShiftOut.c **** 
  24:../Libraries/ShiftOut.c ****         //PORTD |= (1 << RCLK_Pin);                               // Set the register-clock pin hig
  25:../Libraries/ShiftOut.c **** 
  26:../Libraries/ShiftOut.c **** }
 203               		.stabn	68,0,26,.LM10-.LFBB1
 204               	.LM10:
 205 0064 0895      		ret
 206               		.size	ShiftOut, .-ShiftOut
 207               		.stabs	"i:r(0,1)",64,0,12,30
 208               		.stabn	192,0,0,.LFBB1-.LFBB1
 209               		.stabn	224,0,0,.Lscope1-.LFBB1
 210               	.Lscope1:
 211               		.stabs	"",36,0,0,.Lscope1-.LFBB1
 212               		.stabd	78,0,0
 213               		.stabs	"",100,0,0,.Letext0
 214               	.Letext0:
 215               		.ident	"GCC: (GNU) 4.8.2"
GAS LISTING /tmp/cc9bS9m4.s 			page 6


DEFINED SYMBOLS
                            *ABS*:0000000000000000 ShiftOut.c
     /tmp/cc9bS9m4.s:2      *ABS*:000000000000003e __SP_H__
     /tmp/cc9bS9m4.s:3      *ABS*:000000000000003d __SP_L__
     /tmp/cc9bS9m4.s:4      *ABS*:000000000000003f __SREG__
     /tmp/cc9bS9m4.s:5      *ABS*:0000000000000000 __tmp_reg__
     /tmp/cc9bS9m4.s:6      *ABS*:0000000000000001 __zero_reg__
     /tmp/cc9bS9m4.s:116    .text:0000000000000000 ShiftOut

NO UNDEFINED SYMBOLS
