GAS LISTING /tmp/cc4I8FdM.s 			page 1


   1               		.file	"SPI.c"
   2               	__SP_H__ = 0x3e
   3               	__SP_L__ = 0x3d
   4               	__SREG__ = 0x3f
   5               	__tmp_reg__ = 0
   6               	__zero_reg__ = 1
   7               		.stabs	"/home/edward/Microcontroller/Atmega328p/MiniCopter/Copter/",100,0,2,.Ltext0
   8               		.stabs	"../../Libraries/SPI/SPI.c",100,0,2,.Ltext0
   9               		.text
  10               	.Ltext0:
  11               		.stabs	"gcc2_compiled.",60,0,0,0
  12               		.stabs	"int:t(0,1)=r(0,1);-32768;32767;",128,0,0,0
  13               		.stabs	"char:t(0,2)=@s8;r(0,2);0;255;",128,0,0,0
  14               		.stabs	"long int:t(0,3)=@s32;r(0,3);020000000000;017777777777;",128,0,0,0
  15               		.stabs	"unsigned int:t(0,4)=r(0,4);0;0177777;",128,0,0,0
  16               		.stabs	"long unsigned int:t(0,5)=@s32;r(0,5);0;037777777777;",128,0,0,0
  17               		.stabs	"long long int:t(0,6)=@s64;r(0,6);01000000000000000000000;0777777777777777777777;",128,0,0,
  18               		.stabs	"long long unsigned int:t(0,7)=@s64;r(0,7);0;01777777777777777777777;",128,0,0,0
  19               		.stabs	"short int:t(0,8)=r(0,8);-32768;32767;",128,0,0,0
  20               		.stabs	"short unsigned int:t(0,9)=r(0,9);0;0177777;",128,0,0,0
  21               		.stabs	"signed char:t(0,10)=@s8;r(0,10);-128;127;",128,0,0,0
  22               		.stabs	"unsigned char:t(0,11)=@s8;r(0,11);0;255;",128,0,0,0
  23               		.stabs	"float:t(0,12)=r(0,1);4;0;",128,0,0,0
  24               		.stabs	"double:t(0,13)=r(0,1);4;0;",128,0,0,0
  25               		.stabs	"long double:t(0,14)=r(0,1);4;0;",128,0,0,0
  26               		.stabs	"short _Fract:t(0,15)=r(0,1);1;0;",128,0,0,0
  27               		.stabs	"_Fract:t(0,16)=r(0,1);2;0;",128,0,0,0
  28               		.stabs	"long _Fract:t(0,17)=r(0,1);4;0;",128,0,0,0
  29               		.stabs	"long long _Fract:t(0,18)=r(0,1);8;0;",128,0,0,0
  30               		.stabs	"unsigned short _Fract:t(0,19)=r(0,1);1;0;",128,0,0,0
  31               		.stabs	"unsigned _Fract:t(0,20)=r(0,1);2;0;",128,0,0,0
  32               		.stabs	"unsigned long _Fract:t(0,21)=r(0,1);4;0;",128,0,0,0
  33               		.stabs	"unsigned long long _Fract:t(0,22)=r(0,1);8;0;",128,0,0,0
  34               		.stabs	"_Sat short _Fract:t(0,23)=r(0,1);1;0;",128,0,0,0
  35               		.stabs	"_Sat _Fract:t(0,24)=r(0,1);2;0;",128,0,0,0
  36               		.stabs	"_Sat long _Fract:t(0,25)=r(0,1);4;0;",128,0,0,0
  37               		.stabs	"_Sat long long _Fract:t(0,26)=r(0,1);8;0;",128,0,0,0
  38               		.stabs	"_Sat unsigned short _Fract:t(0,27)=r(0,1);1;0;",128,0,0,0
  39               		.stabs	"_Sat unsigned _Fract:t(0,28)=r(0,1);2;0;",128,0,0,0
  40               		.stabs	"_Sat unsigned long _Fract:t(0,29)=r(0,1);4;0;",128,0,0,0
  41               		.stabs	"_Sat unsigned long long _Fract:t(0,30)=r(0,1);8;0;",128,0,0,0
  42               		.stabs	"short _Accum:t(0,31)=r(0,1);2;0;",128,0,0,0
  43               		.stabs	"_Accum:t(0,32)=r(0,1);4;0;",128,0,0,0
  44               		.stabs	"long _Accum:t(0,33)=r(0,1);8;0;",128,0,0,0
  45               		.stabs	"long long _Accum:t(0,34)=r(0,1);8;0;",128,0,0,0
  46               		.stabs	"unsigned short _Accum:t(0,35)=r(0,1);2;0;",128,0,0,0
  47               		.stabs	"unsigned _Accum:t(0,36)=r(0,1);4;0;",128,0,0,0
  48               		.stabs	"unsigned long _Accum:t(0,37)=r(0,1);8;0;",128,0,0,0
  49               		.stabs	"unsigned long long _Accum:t(0,38)=r(0,1);8;0;",128,0,0,0
  50               		.stabs	"_Sat short _Accum:t(0,39)=r(0,1);2;0;",128,0,0,0
  51               		.stabs	"_Sat _Accum:t(0,40)=r(0,1);4;0;",128,0,0,0
  52               		.stabs	"_Sat long _Accum:t(0,41)=r(0,1);8;0;",128,0,0,0
  53               		.stabs	"_Sat long long _Accum:t(0,42)=r(0,1);8;0;",128,0,0,0
  54               		.stabs	"_Sat unsigned short _Accum:t(0,43)=r(0,1);2;0;",128,0,0,0
  55               		.stabs	"_Sat unsigned _Accum:t(0,44)=r(0,1);4;0;",128,0,0,0
  56               		.stabs	"_Sat unsigned long _Accum:t(0,45)=r(0,1);8;0;",128,0,0,0
  57               		.stabs	"_Sat unsigned long long _Accum:t(0,46)=r(0,1);8;0;",128,0,0,0
GAS LISTING /tmp/cc4I8FdM.s 			page 2


  58               		.stabs	"void:t(0,47)=(0,47)",128,0,0,0
  59               		.stabs	"/usr/lib/avr/include/avr/io.h",130,0,0,0
  60               		.stabs	"/usr/lib/avr/include/avr/sfr_defs.h",130,0,0,0
  61               		.stabs	"/usr/lib/avr/include/inttypes.h",130,0,0,0
  62               		.stabs	"/usr/lib/gcc/avr/4.8.2/include/stdint.h",130,0,0,0
  63               		.stabs	"/usr/lib/avr/include/stdint.h",130,0,0,0
  64               		.stabs	"int8_t:t(5,1)=(0,10)",128,0,121,0
  65               		.stabs	"uint8_t:t(5,2)=(0,11)",128,0,122,0
  66               		.stabs	"int16_t:t(5,3)=(0,1)",128,0,123,0
  67               		.stabs	"uint16_t:t(5,4)=(0,4)",128,0,124,0
  68               		.stabs	"int32_t:t(5,5)=(0,3)",128,0,125,0
  69               		.stabs	"uint32_t:t(5,6)=(0,5)",128,0,126,0
  70               		.stabs	"int64_t:t(5,7)=(0,6)",128,0,128,0
  71               		.stabs	"uint64_t:t(5,8)=(0,7)",128,0,129,0
  72               		.stabs	"intptr_t:t(5,9)=(5,3)",128,0,142,0
  73               		.stabs	"uintptr_t:t(5,10)=(5,4)",128,0,147,0
  74               		.stabs	"int_least8_t:t(5,11)=(5,1)",128,0,159,0
  75               		.stabs	"uint_least8_t:t(5,12)=(5,2)",128,0,164,0
  76               		.stabs	"int_least16_t:t(5,13)=(5,3)",128,0,169,0
  77               		.stabs	"uint_least16_t:t(5,14)=(5,4)",128,0,174,0
  78               		.stabs	"int_least32_t:t(5,15)=(5,5)",128,0,179,0
  79               		.stabs	"uint_least32_t:t(5,16)=(5,6)",128,0,184,0
  80               		.stabs	"int_least64_t:t(5,17)=(5,7)",128,0,192,0
  81               		.stabs	"uint_least64_t:t(5,18)=(5,8)",128,0,199,0
  82               		.stabs	"int_fast8_t:t(5,19)=(5,1)",128,0,213,0
  83               		.stabs	"uint_fast8_t:t(5,20)=(5,2)",128,0,218,0
  84               		.stabs	"int_fast16_t:t(5,21)=(5,3)",128,0,223,0
  85               		.stabs	"uint_fast16_t:t(5,22)=(5,4)",128,0,228,0
  86               		.stabs	"int_fast32_t:t(5,23)=(5,5)",128,0,233,0
  87               		.stabs	"uint_fast32_t:t(5,24)=(5,6)",128,0,238,0
  88               		.stabs	"int_fast64_t:t(5,25)=(5,7)",128,0,246,0
  89               		.stabs	"uint_fast64_t:t(5,26)=(5,8)",128,0,253,0
  90               		.stabs	"intmax_t:t(5,27)=(5,7)",128,0,273,0
  91               		.stabs	"uintmax_t:t(5,28)=(5,8)",128,0,278,0
  92               		.stabn	162,0,0,0
  93               		.stabn	162,0,0,0
  94               		.stabs	"int_farptr_t:t(3,1)=(5,5)",128,0,77,0
  95               		.stabs	"uint_farptr_t:t(3,2)=(5,6)",128,0,81,0
  96               		.stabn	162,0,0,0
  97               		.stabn	162,0,0,0
  98               		.stabs	"/usr/lib/avr/include/avr/fuse.h",130,0,0,0
  99               		.stabs	"__fuse_t:t(6,1)=(6,2)=s3low:(0,11),0,8;high:(0,11),8,8;extended:(0,11),16,8;;",128,0,244,0
 100               		.stabn	162,0,0,0
 101               		.stabn	162,0,0,0
 102               		.stabs	"SPI_MasterInit:F(0,47)",36,0,12,SPI_MasterInit
 103               	.global	SPI_MasterInit
 104               		.type	SPI_MasterInit, @function
 105               	SPI_MasterInit:
 106               		.stabd	46,0,0
   1:../../Libraries/SPI/SPI.c **** #include <avr/io.h>
   2:../../Libraries/SPI/SPI.c **** #include "SPI.h"
   3:../../Libraries/SPI/SPI.c **** 
   4:../../Libraries/SPI/SPI.c **** #define DDR_SPI DDRB
   5:../../Libraries/SPI/SPI.c **** #define DD_MOSI 3
   6:../../Libraries/SPI/SPI.c **** #define DD_SCK 5
   7:../../Libraries/SPI/SPI.c **** #define DD_SS 2
   8:../../Libraries/SPI/SPI.c **** #define SPI_MISO_PIN 4
GAS LISTING /tmp/cc4I8FdM.s 			page 3


   9:../../Libraries/SPI/SPI.c **** 
  10:../../Libraries/SPI/SPI.c **** 
  11:../../Libraries/SPI/SPI.c **** 
  12:../../Libraries/SPI/SPI.c **** void SPI_MasterInit(void){
 107               		.stabn	68,0,12,.LM0-.LFBB1
 108               	.LM0:
 109               	.LFBB1:
 110               	/* prologue: function */
 111               	/* frame size = 0 */
 112               	/* stack size = 0 */
 113               	.L__stack_usage = 0
  13:../../Libraries/SPI/SPI.c ****   /* Set MOSI, SS, and SCK output, all others input */
  14:../../Libraries/SPI/SPI.c ****   DDRB = (1<<DDB3)|(1<<DDB5)|(1<<DDB2);
 114               		.stabn	68,0,14,.LM1-.LFBB1
 115               	.LM1:
 116 0000 8CE2      		ldi r24,lo8(44)
 117 0002 84B9      		out 0x4,r24
  15:../../Libraries/SPI/SPI.c ****   /* Enable SPI, Master, set clock rate fck/16 */
  16:../../Libraries/SPI/SPI.c ****   SPCR = (1<<SPE)|(1<<MSTR)|(1<<SPR0);//&~(1<<DORD)&~(1<<CPHA)&~(1<<CPOL);
 118               		.stabn	68,0,16,.LM2-.LFBB1
 119               	.LM2:
 120 0004 81E5      		ldi r24,lo8(81)
 121 0006 8CBD      		out 0x2c,r24
  17:../../Libraries/SPI/SPI.c ****   PORTB |= (1<<DDB2);
 122               		.stabn	68,0,17,.LM3-.LFBB1
 123               	.LM3:
 124 0008 2A9A      		sbi 0x5,2
 125 000a 0895      		ret
 126               		.size	SPI_MasterInit, .-SPI_MasterInit
 127               	.Lscope1:
 128               		.stabs	"",36,0,0,.Lscope1-.LFBB1
 129               		.stabd	78,0,0
 130               		.stabs	"SPI_MasterTransmitByte:F(0,2)",36,0,20,SPI_MasterTransmitByte
 131               		.stabs	"cData:P(0,2)",64,0,20,24
 132               	.global	SPI_MasterTransmitByte
 133               		.type	SPI_MasterTransmitByte, @function
 134               	SPI_MasterTransmitByte:
 135               		.stabd	46,0,0
  18:../../Libraries/SPI/SPI.c **** }
  19:../../Libraries/SPI/SPI.c **** 
  20:../../Libraries/SPI/SPI.c **** char SPI_MasterTransmitByte(char cData){
 136               		.stabn	68,0,20,.LM4-.LFBB2
 137               	.LM4:
 138               	.LFBB2:
 139               	/* prologue: function */
 140               	/* frame size = 0 */
 141               	/* stack size = 0 */
 142               	.L__stack_usage = 0
  21:../../Libraries/SPI/SPI.c ****   /* Start transmission */
  22:../../Libraries/SPI/SPI.c ****   SPDR = cData;
 143               		.stabn	68,0,22,.LM5-.LFBB2
 144               	.LM5:
 145 000c 8EBD      		out 0x2e,r24
 146               	.L4:
  23:../../Libraries/SPI/SPI.c ****   /* Wait for transmission complete */
  24:../../Libraries/SPI/SPI.c ****   while(!(SPSR & (1<<SPIF)));
 147               		.stabn	68,0,24,.LM6-.LFBB2
GAS LISTING /tmp/cc4I8FdM.s 			page 4


 148               	.LM6:
 149 000e 0DB4      		in __tmp_reg__,0x2d
 150 0010 07FE      		sbrs __tmp_reg__,7
 151 0012 00C0      		rjmp .L4
  25:../../Libraries/SPI/SPI.c ****   
  26:../../Libraries/SPI/SPI.c ****   return SPDR;
 152               		.stabn	68,0,26,.LM7-.LFBB2
 153               	.LM7:
 154 0014 8EB5      		in r24,0x2e
  27:../../Libraries/SPI/SPI.c **** }
 155               		.stabn	68,0,27,.LM8-.LFBB2
 156               	.LM8:
 157 0016 0895      		ret
 158               		.size	SPI_MasterTransmitByte, .-SPI_MasterTransmitByte
 159               	.Lscope2:
 160               		.stabs	"",36,0,0,.Lscope2-.LFBB2
 161               		.stabd	78,0,0
 162               		.stabs	"SPI_SlaveInit:F(0,47)",36,0,29,SPI_SlaveInit
 163               	.global	SPI_SlaveInit
 164               		.type	SPI_SlaveInit, @function
 165               	SPI_SlaveInit:
 166               		.stabd	46,0,0
  28:../../Libraries/SPI/SPI.c **** 
  29:../../Libraries/SPI/SPI.c **** void SPI_SlaveInit(void){
 167               		.stabn	68,0,29,.LM9-.LFBB3
 168               	.LM9:
 169               	.LFBB3:
 170               	/* prologue: function */
 171               	/* frame size = 0 */
 172               	/* stack size = 0 */
 173               	.L__stack_usage = 0
  30:../../Libraries/SPI/SPI.c ****   /* Set MISO output, all others input */
  31:../../Libraries/SPI/SPI.c ****   DDR_SPI = (1<<SPI_MISO_PIN);
 174               		.stabn	68,0,31,.LM10-.LFBB3
 175               	.LM10:
 176 0018 80E1      		ldi r24,lo8(16)
 177 001a 84B9      		out 0x4,r24
  32:../../Libraries/SPI/SPI.c ****   /* Enable SPI */
  33:../../Libraries/SPI/SPI.c ****   SPCR = (1<<SPE);
 178               		.stabn	68,0,33,.LM11-.LFBB3
 179               	.LM11:
 180 001c 80E4      		ldi r24,lo8(64)
 181 001e 8CBD      		out 0x2c,r24
 182 0020 0895      		ret
 183               		.size	SPI_SlaveInit, .-SPI_SlaveInit
 184               	.Lscope3:
 185               		.stabs	"",36,0,0,.Lscope3-.LFBB3
 186               		.stabd	78,0,0
 187               		.stabs	"SPI_SlaveReceive:F(0,2)",36,0,36,SPI_SlaveReceive
 188               	.global	SPI_SlaveReceive
 189               		.type	SPI_SlaveReceive, @function
 190               	SPI_SlaveReceive:
 191               		.stabd	46,0,0
  34:../../Libraries/SPI/SPI.c **** }
  35:../../Libraries/SPI/SPI.c **** 
  36:../../Libraries/SPI/SPI.c **** char SPI_SlaveReceive(void){
 192               		.stabn	68,0,36,.LM12-.LFBB4
GAS LISTING /tmp/cc4I8FdM.s 			page 5


 193               	.LM12:
 194               	.LFBB4:
 195               	/* prologue: function */
 196               	/* frame size = 0 */
 197               	/* stack size = 0 */
 198               	.L__stack_usage = 0
 199               	.L9:
  37:../../Libraries/SPI/SPI.c ****   /* Wait for reception complete */
  38:../../Libraries/SPI/SPI.c ****   while(!(SPSR & (1<<SPIF)));
 200               		.stabn	68,0,38,.LM13-.LFBB4
 201               	.LM13:
 202 0022 0DB4      		in __tmp_reg__,0x2d
 203 0024 07FE      		sbrs __tmp_reg__,7
 204 0026 00C0      		rjmp .L9
  39:../../Libraries/SPI/SPI.c ****   /* Return Data Register */
  40:../../Libraries/SPI/SPI.c ****   return SPDR;
 205               		.stabn	68,0,40,.LM14-.LFBB4
 206               	.LM14:
 207 0028 8EB5      		in r24,0x2e
  41:../../Libraries/SPI/SPI.c **** }
 208               		.stabn	68,0,41,.LM15-.LFBB4
 209               	.LM15:
 210 002a 0895      		ret
 211               		.size	SPI_SlaveReceive, .-SPI_SlaveReceive
 212               	.Lscope4:
 213               		.stabs	"",36,0,0,.Lscope4-.LFBB4
 214               		.stabd	78,0,0
 215               		.stabs	"",100,0,0,.Letext0
 216               	.Letext0:
 217               		.ident	"GCC: (GNU) 4.8.2"
GAS LISTING /tmp/cc4I8FdM.s 			page 6


DEFINED SYMBOLS
                            *ABS*:0000000000000000 SPI.c
     /tmp/cc4I8FdM.s:2      *ABS*:000000000000003e __SP_H__
     /tmp/cc4I8FdM.s:3      *ABS*:000000000000003d __SP_L__
     /tmp/cc4I8FdM.s:4      *ABS*:000000000000003f __SREG__
     /tmp/cc4I8FdM.s:5      *ABS*:0000000000000000 __tmp_reg__
     /tmp/cc4I8FdM.s:6      *ABS*:0000000000000001 __zero_reg__
     /tmp/cc4I8FdM.s:105    .text:0000000000000000 SPI_MasterInit
     /tmp/cc4I8FdM.s:134    .text:000000000000000c SPI_MasterTransmitByte
     /tmp/cc4I8FdM.s:165    .text:0000000000000018 SPI_SlaveInit
     /tmp/cc4I8FdM.s:190    .text:0000000000000022 SPI_SlaveReceive

NO UNDEFINED SYMBOLS
