GAS LISTING /tmp/cc6VfPJ0.s 			page 1


   1               		.file	"main.c"
   2               	__SP_H__ = 0x3e
   3               	__SP_L__ = 0x3d
   4               	__SREG__ = 0x3f
   5               	__tmp_reg__ = 0
   6               	__zero_reg__ = 1
   7               		.stabs	"/home/ted/BareChipCode/KnightRider/",100,0,2,.Ltext0
   8               		.stabs	"main.c",100,0,2,.Ltext0
   9               		.text
  10               	.Ltext0:
  11               		.stabs	"gcc2_compiled.",60,0,0,0
  12               		.stabs	"int:t(0,1)=r(0,1);-32768;32767;",128,0,0,0
  13               		.stabs	"char:t(0,2)=@s8;r(0,2);0;255;",128,0,0,0
  14               		.stabs	"long int:t(0,3)=@s32;r(0,3);020000000000;017777777777;",128,0,0,0
  15               		.stabs	"unsigned int:t(0,4)=r(0,4);0;0177777;",128,0,0,0
  16               		.stabs	"long unsigned int:t(0,5)=@s32;r(0,5);0;037777777777;",128,0,0,0
  17               		.stabs	"long long int:t(0,6)=@s64;r(0,6);01000000000000000000000;0777777777777777777777;",128,0,0,
  18               		.stabs	"long long unsigned int:t(0,7)=@s64;r(0,7);0;01777777777777777777777;",128,0,0,0
  19               		.stabs	"short int:t(0,8)=r(0,8);-32768;32767;",128,0,0,0
  20               		.stabs	"short unsigned int:t(0,9)=r(0,9);0;0177777;",128,0,0,0
  21               		.stabs	"signed char:t(0,10)=@s8;r(0,10);-128;127;",128,0,0,0
  22               		.stabs	"unsigned char:t(0,11)=@s8;r(0,11);0;255;",128,0,0,0
  23               		.stabs	"float:t(0,12)=r(0,1);4;0;",128,0,0,0
  24               		.stabs	"double:t(0,13)=r(0,1);4;0;",128,0,0,0
  25               		.stabs	"long double:t(0,14)=r(0,1);4;0;",128,0,0,0
  26               		.stabs	"void:t(0,15)=(0,15)",128,0,0,0
  27               		.stabs	"/usr/lib/gcc/avr/4.7.2/../../../avr/include/avr/io.h",130,0,0,0
  28               		.stabs	"/usr/lib/gcc/avr/4.7.2/../../../avr/include/avr/sfr_defs.h",130,0,0,0
  29               		.stabs	"/usr/lib/gcc/avr/4.7.2/../../../avr/include/inttypes.h",130,0,0,0
  30               		.stabs	"/usr/lib/gcc/avr/4.7.2/include/stdint.h",130,0,0,0
  31               		.stabs	"/usr/lib/gcc/avr/4.7.2/../../../avr/include/stdint.h",130,0,0,0
  32               		.stabs	"int8_t:t(5,1)=(0,10)",128,0,121,0
  33               		.stabs	"uint8_t:t(5,2)=(0,11)",128,0,122,0
  34               		.stabs	"int16_t:t(5,3)=(0,1)",128,0,123,0
  35               		.stabs	"uint16_t:t(5,4)=(0,4)",128,0,124,0
  36               		.stabs	"int32_t:t(5,5)=(0,3)",128,0,125,0
  37               		.stabs	"uint32_t:t(5,6)=(0,5)",128,0,126,0
  38               		.stabs	"int64_t:t(5,7)=(0,6)",128,0,128,0
  39               		.stabs	"uint64_t:t(5,8)=(0,7)",128,0,129,0
  40               		.stabs	"intptr_t:t(5,9)=(5,3)",128,0,142,0
  41               		.stabs	"uintptr_t:t(5,10)=(5,4)",128,0,147,0
  42               		.stabs	"int_least8_t:t(5,11)=(5,1)",128,0,159,0
  43               		.stabs	"uint_least8_t:t(5,12)=(5,2)",128,0,164,0
  44               		.stabs	"int_least16_t:t(5,13)=(5,3)",128,0,169,0
  45               		.stabs	"uint_least16_t:t(5,14)=(5,4)",128,0,174,0
  46               		.stabs	"int_least32_t:t(5,15)=(5,5)",128,0,179,0
  47               		.stabs	"uint_least32_t:t(5,16)=(5,6)",128,0,184,0
  48               		.stabs	"int_least64_t:t(5,17)=(5,7)",128,0,192,0
  49               		.stabs	"uint_least64_t:t(5,18)=(5,8)",128,0,199,0
  50               		.stabs	"int_fast8_t:t(5,19)=(5,1)",128,0,213,0
  51               		.stabs	"uint_fast8_t:t(5,20)=(5,2)",128,0,218,0
  52               		.stabs	"int_fast16_t:t(5,21)=(5,3)",128,0,223,0
  53               		.stabs	"uint_fast16_t:t(5,22)=(5,4)",128,0,228,0
  54               		.stabs	"int_fast32_t:t(5,23)=(5,5)",128,0,233,0
  55               		.stabs	"uint_fast32_t:t(5,24)=(5,6)",128,0,238,0
  56               		.stabs	"int_fast64_t:t(5,25)=(5,7)",128,0,246,0
  57               		.stabs	"uint_fast64_t:t(5,26)=(5,8)",128,0,253,0
GAS LISTING /tmp/cc6VfPJ0.s 			page 2


  58               		.stabs	"intmax_t:t(5,27)=(5,7)",128,0,273,0
  59               		.stabs	"uintmax_t:t(5,28)=(5,8)",128,0,278,0
  60               		.stabn	162,0,0,0
  61               		.stabn	162,0,0,0
  62               		.stabs	"int_farptr_t:t(3,1)=(5,5)",128,0,77,0
  63               		.stabs	"uint_farptr_t:t(3,2)=(5,6)",128,0,81,0
  64               		.stabn	162,0,0,0
  65               		.stabn	162,0,0,0
  66               		.stabs	"/usr/lib/gcc/avr/4.7.2/../../../avr/include/avr/fuse.h",130,0,0,0
  67               		.stabs	"__fuse_t:t(6,1)=(6,2)=s3low:(0,11),0,8;high:(0,11),8,8;extended:(0,11),16,8;;",128,0,244,0
  68               		.stabn	162,0,0,0
  69               		.stabn	162,0,0,0
  70               		.section	.text.startup,"ax",@progbits
  71               		.stabs	"main:F(0,1)",36,0,12,main
  72               	.global	main
  73               		.type	main, @function
  74               	main:
  75               		.stabd	46,0,0
   1:main.c        **** #include <avr/io.h>
   2:main.c        **** #include <avr/interrupt.h>
   3:main.c        **** 
   4:main.c        **** //prepare clock
   5:main.c        **** //prepare an interrupt every .125 seconds
   6:main.c        **** //Setup IO for LEDs
   7:main.c        **** //Turn off lit LED each interrupt
   8:main.c        **** //turn on next LED each interrupt
   9:main.c        **** //reverse direction every second
  10:main.c        **** unsigned char i=0;
  11:main.c        **** unsigned char j;
  12:main.c        **** int main(void)
  13:main.c        **** {
  76               		.stabn	68,0,13,.LM0-.LFBB1
  77               	.LM0:
  78               	.LFBB1:
  79               	/* prologue: function */
  80               	/* frame size = 0 */
  81               	/* stack size = 0 */
  82               	.L__stack_usage = 0
  14:main.c        **** 
  15:main.c        **** 
  16:main.c        ****   //setup the clock
  17:main.c        ****   cli();                 //disable interrupts
  83               		.stabn	68,0,17,.LM1-.LFBB1
  84               	.LM1:
  85               	/* #APP */
  86               	 ;  17 "main.c" 1
  87 0000 F894      		cli
  88               	 ;  0 "" 2
  18:main.c        ****   TCCR1B |= 1<<CS11;     //divides clock by 8. page 137
  89               		.stabn	68,0,18,.LM2-.LFBB1
  90               	.LM2:
  91               	/* #NOAPP */
  92 0002 8091 8100 		lds r24,129
  93 0006 8260      		ori r24,lo8(2)
  94 0008 8093 8100 		sts 129,r24
  19:main.c        ****   OCR1A = 15624;         //sets 15625 as the max number of cycles to use in the timer register. pag
  95               		.stabn	68,0,19,.LM3-.LFBB1
GAS LISTING /tmp/cc6VfPJ0.s 			page 3


  96               	.LM3:
  97 000c 88E0      		ldi r24,lo8(8)
  98 000e 9DE3      		ldi r25,lo8(61)
  99 0010 9093 8900 		sts 136+1,r25
 100 0014 8093 8800 		sts 136,r24
  20:main.c        ****   TCCR1B |= 1<<WGM12;    //sets the clock mode. page 136
 101               		.stabn	68,0,20,.LM4-.LFBB1
 102               	.LM4:
 103 0018 8091 8100 		lds r24,129
 104 001c 8860      		ori r24,lo8(8)
 105 001e 8093 8100 		sts 129,r24
  21:main.c        ****   TIMSK1 |= 1<<OCIE1A;   //enables the interrupts for when the timer maxes out. page 139
 106               		.stabn	68,0,21,.LM5-.LFBB1
 107               	.LM5:
 108 0022 8091 6F00 		lds r24,111
 109 0026 8260      		ori r24,lo8(2)
 110 0028 8093 6F00 		sts 111,r24
  22:main.c        ****   sei();                 //enables global interrupts
 111               		.stabn	68,0,22,.LM6-.LFBB1
 112               	.LM6:
 113               	/* #APP */
 114               	 ;  22 "main.c" 1
 115 002c 7894      		sei
 116               	 ;  0 "" 2
  23:main.c        **** 
  24:main.c        ****   DDRD |= 1<<0 | 1<<1 | 1<<2 | 1<<3 | 1<<4 | 1<<5 | 1<<6 | 1<<7;  //sets all D pins as output. page
 117               		.stabn	68,0,24,.LM7-.LFBB1
 118               	.LM7:
 119               	/* #NOAPP */
 120 002e 8AB1      		in r24,0xa
 121 0030 8FEF      		ldi r24,lo8(-1)
 122 0032 8AB9      		out 0xa,r24
  25:main.c        ****   PORTD = 1<<0;         //Initialize pin 0 of port D to be high
 123               		.stabn	68,0,25,.LM8-.LFBB1
 124               	.LM8:
 125 0034 81E0      		ldi r24,lo8(1)
 126 0036 8BB9      		out 0xb,r24
 127               	.L2:
 128 0038 00C0      		rjmp .L2
 129               		.size	main, .-main
 130               	.Lscope1:
 131               		.stabs	"",36,0,0,.Lscope1-.LFBB1
 132               		.stabd	78,0,0
 133               		.text
 134               		.stabs	"__vector_11:F(0,15)",36,0,29,__vector_11
 135               	.global	__vector_11
 136               		.type	__vector_11, @function
 137               	__vector_11:
 138               		.stabd	46,0,0
  26:main.c        ****   while(1){}
  27:main.c        **** }
  28:main.c        **** 
  29:main.c        **** ISR(TIMER1_COMPA_vect)   //TIMER1_COMPA comes from page 65. the "vect" is required for compiler. Th
  30:main.c        **** {
 139               		.stabn	68,0,30,.LM9-.LFBB2
 140               	.LM9:
 141               	.LFBB2:
GAS LISTING /tmp/cc6VfPJ0.s 			page 4


 142 0000 1F92      		push r1
 143 0002 0F92      		push r0
 144 0004 0FB6      		in r0,__SREG__
 145 0006 0F92      		push r0
 146 0008 1124      		clr __zero_reg__
 147 000a 2F93      		push r18
 148 000c 8F93      		push r24
 149 000e 9F93      		push r25
 150               	/* prologue: Signal */
 151               	/* frame size = 0 */
 152               	/* stack size = 6 */
 153               	.L__stack_usage = 6
  31:main.c        ****   if(j==0){
 154               		.stabn	68,0,31,.LM10-.LFBB2
 155               	.LM10:
 156 0010 9091 0000 		lds r25,j
 157 0014 8091 0000 		lds r24,i
 158 0018 9111      		cpse r25,__zero_reg__
 159 001a 00C0      		rjmp .L4
  32:main.c        ****     if(i<=6){
 160               		.stabn	68,0,32,.LM11-.LFBB2
 161               	.LM11:
 162 001c 8730      		cpi r24,lo8(7)
 163 001e 00F4      		brsh .L3
  33:main.c        ****       i+=1;      
 164               		.stabn	68,0,33,.LM12-.LFBB2
 165               	.LM12:
 166 0020 282F      		mov r18,r24
 167 0022 2F5F      		subi r18,lo8(-(1))
 168 0024 2093 0000 		sts i,r18
  34:main.c        ****       PORTD = 1<<i;
 169               		.stabn	68,0,34,.LM13-.LFBB2
 170               	.LM13:
 171 0028 81E0      		ldi r24,lo8(1)
 172 002a 90E0      		ldi r25,0
 173 002c 022E      		mov r0,r18
 174 002e 00C0      		rjmp 2f
 175               		1:
 176 0030 880F      		lsl r24
 177               		2:
 178 0032 0A94      		dec r0
 179 0034 02F4      		brpl 1b
 180 0036 8BB9      		out 0xb,r24
  35:main.c        ****       if(i==7){
 181               		.stabn	68,0,35,.LM14-.LFBB2
 182               	.LM14:
 183 0038 2730      		cpi r18,lo8(7)
 184 003a 01F4      		brne .L3
  36:main.c        ****         j=1;
 185               		.stabn	68,0,36,.LM15-.LFBB2
 186               	.LM15:
 187 003c 81E0      		ldi r24,lo8(1)
 188 003e 8093 0000 		sts j,r24
 189 0042 00C0      		rjmp .L3
 190               	.L4:
  37:main.c        ****       }
  38:main.c        ****     }
GAS LISTING /tmp/cc6VfPJ0.s 			page 5


  39:main.c        ****   }else{
  40:main.c        ****     if(i>=1){
 191               		.stabn	68,0,40,.LM16-.LFBB2
 192               	.LM16:
 193 0044 8823      		tst r24
 194 0046 01F0      		breq .L3
  41:main.c        ****       i -=1;      
 195               		.stabn	68,0,41,.LM17-.LFBB2
 196               	.LM17:
 197 0048 282F      		mov r18,r24
 198 004a 2150      		subi r18,lo8(-(-1))
 199 004c 2093 0000 		sts i,r18
  42:main.c        ****       PORTD = 1<<i;
 200               		.stabn	68,0,42,.LM18-.LFBB2
 201               	.LM18:
 202 0050 81E0      		ldi r24,lo8(1)
 203 0052 90E0      		ldi r25,0
 204 0054 022E      		mov r0,r18
 205 0056 00C0      		rjmp 2f
 206               		1:
 207 0058 880F      		lsl r24
 208               		2:
 209 005a 0A94      		dec r0
 210 005c 02F4      		brpl 1b
 211 005e 8BB9      		out 0xb,r24
  43:main.c        ****       if(i==0){
 212               		.stabn	68,0,43,.LM19-.LFBB2
 213               	.LM19:
 214 0060 2111      		cpse r18,__zero_reg__
 215 0062 00C0      		rjmp .L3
  44:main.c        ****         j=0;
 216               		.stabn	68,0,44,.LM20-.LFBB2
 217               	.LM20:
 218 0064 1092 0000 		sts j,__zero_reg__
 219               	.L3:
 220               	/* epilogue start */
  45:main.c        ****       }
  46:main.c        ****     }
  47:main.c        ****   }
  48:main.c        **** }
 221               		.stabn	68,0,48,.LM21-.LFBB2
 222               	.LM21:
 223 0068 9F91      		pop r25
 224 006a 8F91      		pop r24
 225 006c 2F91      		pop r18
 226 006e 0F90      		pop r0
 227 0070 0FBE      		out __SREG__,r0
 228 0072 0F90      		pop r0
 229 0074 1F90      		pop r1
 230 0076 1895      		reti
 231               		.size	__vector_11, .-__vector_11
 232               	.Lscope2:
 233               		.stabs	"",36,0,0,.Lscope2-.LFBB2
 234               		.stabd	78,0,0
 235               		.comm	j,1,1
 236               	.global	i
 237               		.section .bss
GAS LISTING /tmp/cc6VfPJ0.s 			page 6


 238               		.type	i, @object
 239               		.size	i, 1
 240               	i:
 241 0000 00        		.zero	1
 242               		.stabs	"i:G(0,11)",32,0,10,0
 243               		.stabs	"j:G(0,11)",32,0,11,0
 244               		.text
 245               		.stabs	"",100,0,0,.Letext0
 246               	.Letext0:
 247               		.ident	"GCC: (GNU) 4.7.2"
 248               	.global __do_clear_bss
GAS LISTING /tmp/cc6VfPJ0.s 			page 7


DEFINED SYMBOLS
                            *ABS*:0000000000000000 main.c
     /tmp/cc6VfPJ0.s:2      *ABS*:000000000000003e __SP_H__
     /tmp/cc6VfPJ0.s:3      *ABS*:000000000000003d __SP_L__
     /tmp/cc6VfPJ0.s:4      *ABS*:000000000000003f __SREG__
     /tmp/cc6VfPJ0.s:5      *ABS*:0000000000000000 __tmp_reg__
     /tmp/cc6VfPJ0.s:6      *ABS*:0000000000000001 __zero_reg__
     /tmp/cc6VfPJ0.s:74     .text.startup:0000000000000000 main
     /tmp/cc6VfPJ0.s:137    .text:0000000000000000 __vector_11
                            *COM*:0000000000000001 j
     /tmp/cc6VfPJ0.s:240    .bss:0000000000000000 i

UNDEFINED SYMBOLS
__do_clear_bss
