GAS LISTING /tmp/ccF2PH2b.s 			page 1


   1               		.file	"Timer0.c"
   2               	__SP_H__ = 0x3e
   3               	__SP_L__ = 0x3d
   4               	__SREG__ = 0x3f
   5               	__tmp_reg__ = 0
   6               	__zero_reg__ = 1
   7               		.stabs	"/home/edward/Microcontroller/Atmega328p/7SegClockBase/",100,0,2,.Ltext0
   8               		.stabs	"../Libraries/Timer0/Timer0.c",100,0,2,.Ltext0
   9               		.text
  10               	.Ltext0:
  11               		.stabs	"gcc2_compiled.",60,0,0,0
  12               		.stabs	"int:t(0,1)=r(0,1);-32768;32767;",128,0,0,0
  13               		.stabs	"char:t(0,2)=@s8;r(0,2);0;255;",128,0,0,0
  14               		.stabs	"long int:t(0,3)=@s32;r(0,3);020000000000;017777777777;",128,0,0,0
  15               		.stabs	"unsigned int:t(0,4)=r(0,4);0;0177777;",128,0,0,0
  16               		.stabs	"long unsigned int:t(0,5)=@s32;r(0,5);0;037777777777;",128,0,0,0
  17               		.stabs	"long long int:t(0,6)=@s64;r(0,6);01000000000000000000000;0777777777777777777777;",128,0,0,
  18               		.stabs	"long long unsigned int:t(0,7)=@s64;r(0,7);0;01777777777777777777777;",128,0,0,0
  19               		.stabs	"short int:t(0,8)=r(0,8);-32768;32767;",128,0,0,0
  20               		.stabs	"short unsigned int:t(0,9)=r(0,9);0;0177777;",128,0,0,0
  21               		.stabs	"signed char:t(0,10)=@s8;r(0,10);-128;127;",128,0,0,0
  22               		.stabs	"unsigned char:t(0,11)=@s8;r(0,11);0;255;",128,0,0,0
  23               		.stabs	"float:t(0,12)=r(0,1);4;0;",128,0,0,0
  24               		.stabs	"double:t(0,13)=r(0,1);4;0;",128,0,0,0
  25               		.stabs	"long double:t(0,14)=r(0,1);4;0;",128,0,0,0
  26               		.stabs	"short _Fract:t(0,15)=r(0,1);1;0;",128,0,0,0
  27               		.stabs	"long _Fract:t(0,16)=r(0,1);4;0;",128,0,0,0
  28               		.stabs	"long long _Fract:t(0,17)=r(0,1);8;0;",128,0,0,0
  29               		.stabs	"unsigned short _Fract:t(0,18)=r(0,1);1;0;",128,0,0,0
  30               		.stabs	"unsigned _Fract:t(0,19)=r(0,1);2;0;",128,0,0,0
  31               		.stabs	"unsigned long _Fract:t(0,20)=r(0,1);4;0;",128,0,0,0
  32               		.stabs	"unsigned long long _Fract:t(0,21)=r(0,1);8;0;",128,0,0,0
  33               		.stabs	"_Sat short _Fract:t(0,22)=r(0,1);1;0;",128,0,0,0
  34               		.stabs	"_Sat _Fract:t(0,23)=r(0,1);2;0;",128,0,0,0
  35               		.stabs	"_Sat long _Fract:t(0,24)=r(0,1);4;0;",128,0,0,0
  36               		.stabs	"_Sat long long _Fract:t(0,25)=r(0,1);8;0;",128,0,0,0
  37               		.stabs	"_Sat unsigned short _Fract:t(0,26)=r(0,1);1;0;",128,0,0,0
  38               		.stabs	"_Sat unsigned _Fract:t(0,27)=r(0,1);2;0;",128,0,0,0
  39               		.stabs	"_Sat unsigned long _Fract:t(0,28)=r(0,1);4;0;",128,0,0,0
  40               		.stabs	"_Sat unsigned long long _Fract:t(0,29)=r(0,1);8;0;",128,0,0,0
  41               		.stabs	"short _Accum:t(0,30)=r(0,1);2;0;",128,0,0,0
  42               		.stabs	"long _Accum:t(0,31)=r(0,1);8;0;",128,0,0,0
  43               		.stabs	"long long _Accum:t(0,32)=r(0,1);8;0;",128,0,0,0
  44               		.stabs	"unsigned short _Accum:t(0,33)=r(0,1);2;0;",128,0,0,0
  45               		.stabs	"unsigned _Accum:t(0,34)=r(0,1);4;0;",128,0,0,0
  46               		.stabs	"unsigned long _Accum:t(0,35)=r(0,1);8;0;",128,0,0,0
  47               		.stabs	"unsigned long long _Accum:t(0,36)=r(0,1);8;0;",128,0,0,0
  48               		.stabs	"_Sat short _Accum:t(0,37)=r(0,1);2;0;",128,0,0,0
  49               		.stabs	"_Sat _Accum:t(0,38)=r(0,1);4;0;",128,0,0,0
  50               		.stabs	"_Sat long _Accum:t(0,39)=r(0,1);8;0;",128,0,0,0
  51               		.stabs	"_Sat long long _Accum:t(0,40)=r(0,1);8;0;",128,0,0,0
  52               		.stabs	"_Sat unsigned short _Accum:t(0,41)=r(0,1);2;0;",128,0,0,0
  53               		.stabs	"_Sat unsigned _Accum:t(0,42)=r(0,1);4;0;",128,0,0,0
  54               		.stabs	"_Sat unsigned long _Accum:t(0,43)=r(0,1);8;0;",128,0,0,0
  55               		.stabs	"_Sat unsigned long long _Accum:t(0,44)=r(0,1);8;0;",128,0,0,0
  56               		.stabs	"void:t(0,45)=(0,45)",128,0,0,0
  57               		.stabs	"/usr/lib/avr/include/avr/io.h",130,0,0,0
GAS LISTING /tmp/ccF2PH2b.s 			page 2


  58               		.stabs	"/usr/lib/avr/include/avr/sfr_defs.h",130,0,0,0
  59               		.stabs	"/usr/lib/avr/include/inttypes.h",130,0,0,0
  60               		.stabs	"/usr/lib/gcc/avr/4.8.1/include/stdint.h",130,0,0,0
  61               		.stabs	"/usr/lib/avr/include/stdint.h",130,0,0,0
  62               		.stabs	"int8_t:t(5,1)=(0,10)",128,0,121,0
  63               		.stabs	"uint8_t:t(5,2)=(0,11)",128,0,122,0
  64               		.stabs	"int16_t:t(5,3)=(0,1)",128,0,123,0
  65               		.stabs	"uint16_t:t(5,4)=(0,4)",128,0,124,0
  66               		.stabs	"int32_t:t(5,5)=(0,3)",128,0,125,0
  67               		.stabs	"uint32_t:t(5,6)=(0,5)",128,0,126,0
  68               		.stabs	"int64_t:t(5,7)=(0,6)",128,0,128,0
  69               		.stabs	"uint64_t:t(5,8)=(0,7)",128,0,129,0
  70               		.stabs	"intptr_t:t(5,9)=(5,3)",128,0,142,0
  71               		.stabs	"uintptr_t:t(5,10)=(5,4)",128,0,147,0
  72               		.stabs	"int_least8_t:t(5,11)=(5,1)",128,0,159,0
  73               		.stabs	"uint_least8_t:t(5,12)=(5,2)",128,0,164,0
  74               		.stabs	"int_least16_t:t(5,13)=(5,3)",128,0,169,0
  75               		.stabs	"uint_least16_t:t(5,14)=(5,4)",128,0,174,0
  76               		.stabs	"int_least32_t:t(5,15)=(5,5)",128,0,179,0
  77               		.stabs	"uint_least32_t:t(5,16)=(5,6)",128,0,184,0
  78               		.stabs	"int_least64_t:t(5,17)=(5,7)",128,0,192,0
  79               		.stabs	"uint_least64_t:t(5,18)=(5,8)",128,0,199,0
  80               		.stabs	"int_fast8_t:t(5,19)=(5,1)",128,0,213,0
  81               		.stabs	"uint_fast8_t:t(5,20)=(5,2)",128,0,218,0
  82               		.stabs	"int_fast16_t:t(5,21)=(5,3)",128,0,223,0
  83               		.stabs	"uint_fast16_t:t(5,22)=(5,4)",128,0,228,0
  84               		.stabs	"int_fast32_t:t(5,23)=(5,5)",128,0,233,0
  85               		.stabs	"uint_fast32_t:t(5,24)=(5,6)",128,0,238,0
  86               		.stabs	"int_fast64_t:t(5,25)=(5,7)",128,0,246,0
  87               		.stabs	"uint_fast64_t:t(5,26)=(5,8)",128,0,253,0
  88               		.stabs	"intmax_t:t(5,27)=(5,7)",128,0,273,0
  89               		.stabs	"uintmax_t:t(5,28)=(5,8)",128,0,278,0
  90               		.stabn	162,0,0,0
  91               		.stabn	162,0,0,0
  92               		.stabs	"int_farptr_t:t(3,1)=(5,5)",128,0,77,0
  93               		.stabs	"uint_farptr_t:t(3,2)=(5,6)",128,0,81,0
  94               		.stabn	162,0,0,0
  95               		.stabn	162,0,0,0
  96               		.stabs	"/usr/lib/avr/include/avr/fuse.h",130,0,0,0
  97               		.stabs	"__fuse_t:t(6,1)=(6,2)=s3low:(0,11),0,8;high:(0,11),8,8;extended:(0,11),16,8;;",128,0,244,0
  98               		.stabn	162,0,0,0
  99               		.stabn	162,0,0,0
 100               		.stabs	"Timer0SetupOutput:F(0,45)",36,0,5,Timer0SetupOutput
 101               		.stabs	"output:P(5,2)",64,0,5,24
 102               	.global	Timer0SetupOutput
 103               		.type	Timer0SetupOutput, @function
 104               	Timer0SetupOutput:
 105               		.stabd	46,0,0
   1:../Libraries/Timer0/Timer0.c **** #include <avr/io.h>
   2:../Libraries/Timer0/Timer0.c **** #include <avr/interrupt.h>
   3:../Libraries/Timer0/Timer0.c **** 
   4:../Libraries/Timer0/Timer0.c **** 
   5:../Libraries/Timer0/Timer0.c **** void Timer0SetupOutput(uint8_t output){
 106               		.stabn	68,0,5,.LM0-.LFBB1
 107               	.LM0:
 108               	.LFBB1:
 109               	/* prologue: function */
GAS LISTING /tmp/ccF2PH2b.s 			page 3


 110               	/* frame size = 0 */
 111               	/* stack size = 0 */
 112               	.L__stack_usage = 0
   6:../Libraries/Timer0/Timer0.c ****   TCCR0A |= ((output & 0x80) << COM0A0) | ((output & 0x40) << COM0A1) | ((output & 0x20) << COM0B0)
 113               		.stabn	68,0,6,.LM1-.LFBB1
 114               	.LM1:
 115 0000 84B5      		in r24,0x24
 116 0002 84BD      		out 0x24,r24
 117 0004 0895      		ret
 118               		.size	Timer0SetupOutput, .-Timer0SetupOutput
 119               	.Lscope1:
 120               		.stabs	"",36,0,0,.Lscope1-.LFBB1
 121               		.stabd	78,0,0
 122               		.stabs	"Timer0SetupMode:F(0,45)",36,0,9,Timer0SetupMode
 123               		.stabs	"mode:P(5,2)",64,0,9,24
 124               	.global	Timer0SetupMode
 125               		.type	Timer0SetupMode, @function
 126               	Timer0SetupMode:
 127               		.stabd	46,0,0
   7:../Libraries/Timer0/Timer0.c **** }
   8:../Libraries/Timer0/Timer0.c **** 
   9:../Libraries/Timer0/Timer0.c **** void Timer0SetupMode(uint8_t mode){
 128               		.stabn	68,0,9,.LM2-.LFBB2
 129               	.LM2:
 130               	.LFBB2:
 131               	/* prologue: function */
 132               	/* frame size = 0 */
 133               	/* stack size = 0 */
 134               	.L__stack_usage = 0
  10:../Libraries/Timer0/Timer0.c ****   TCCR0B |= ((mode & 0x80) << WGM02);
 135               		.stabn	68,0,10,.LM3-.LFBB2
 136               	.LM3:
 137 0006 95B5      		in r25,0x25
 138 0008 95BD      		out 0x25,r25
  11:../Libraries/Timer0/Timer0.c ****   TCCR0A |= ((mode & 0x40) << WGM01) | ((mode & 0x20) << WGM00);
 139               		.stabn	68,0,11,.LM4-.LFBB2
 140               	.LM4:
 141 000a 24B5      		in r18,0x24
 142 000c 982F      		mov r25,r24
 143 000e 9072      		andi r25,lo8(32)
 144 0010 922B      		or r25,r18
 145 0012 8074      		andi r24,lo8(64)
 146 0014 880F      		lsl r24
 147 0016 892B      		or r24,r25
 148 0018 84BD      		out 0x24,r24
 149 001a 0895      		ret
 150               		.size	Timer0SetupMode, .-Timer0SetupMode
 151               	.Lscope2:
 152               		.stabs	"",36,0,0,.Lscope2-.LFBB2
 153               		.stabd	78,0,0
 154               		.stabs	"Timer0SetupPrescale:F(0,45)",36,0,14,Timer0SetupPrescale
 155               		.stabs	"prescale:P(5,2)",64,0,14,24
 156               	.global	Timer0SetupPrescale
 157               		.type	Timer0SetupPrescale, @function
 158               	Timer0SetupPrescale:
 159               		.stabd	46,0,0
  12:../Libraries/Timer0/Timer0.c **** }
GAS LISTING /tmp/ccF2PH2b.s 			page 4


  13:../Libraries/Timer0/Timer0.c **** 
  14:../Libraries/Timer0/Timer0.c **** void Timer0SetupPrescale(uint8_t prescale){
 160               		.stabn	68,0,14,.LM5-.LFBB3
 161               	.LM5:
 162               	.LFBB3:
 163               	/* prologue: function */
 164               	/* frame size = 0 */
 165               	/* stack size = 0 */
 166               	.L__stack_usage = 0
  15:../Libraries/Timer0/Timer0.c ****   TCCR0B |= ((prescale & 0x80) << CS02) | ((prescale & 0x40) << CS01) | ((prescale & 0x20) << CS00)
 167               		.stabn	68,0,15,.LM6-.LFBB3
 168               	.LM6:
 169 001c 25B5      		in r18,0x25
 170 001e 982F      		mov r25,r24
 171 0020 9072      		andi r25,lo8(32)
 172 0022 922B      		or r25,r18
 173 0024 8074      		andi r24,lo8(64)
 174 0026 880F      		lsl r24
 175 0028 892B      		or r24,r25
 176 002a 85BD      		out 0x25,r24
 177 002c 0895      		ret
 178               		.size	Timer0SetupPrescale, .-Timer0SetupPrescale
 179               	.Lscope3:
 180               		.stabs	"",36,0,0,.Lscope3-.LFBB3
 181               		.stabd	78,0,0
 182               		.stabs	"Timer0SetupInterrupt:F(0,45)",36,0,18,Timer0SetupInterrupt
 183               		.stabs	"interrupt:P(5,2)",64,0,18,24
 184               	.global	Timer0SetupInterrupt
 185               		.type	Timer0SetupInterrupt, @function
 186               	Timer0SetupInterrupt:
 187               		.stabd	46,0,0
  16:../Libraries/Timer0/Timer0.c **** }
  17:../Libraries/Timer0/Timer0.c **** 
  18:../Libraries/Timer0/Timer0.c **** void Timer0SetupInterrupt(uint8_t interrupt){
 188               		.stabn	68,0,18,.LM7-.LFBB4
 189               	.LM7:
 190               	.LFBB4:
 191               	/* prologue: function */
 192               	/* frame size = 0 */
 193               	/* stack size = 0 */
 194               	.L__stack_usage = 0
  19:../Libraries/Timer0/Timer0.c ****   TIMSK0 |= ((interrupt & 0x80) << OCIE0B) | ((interrupt & 0x40) << OCIE0A) | ((interrupt & 0x20) <
 195               		.stabn	68,0,19,.LM8-.LFBB4
 196               	.LM8:
 197 002e EEE6      		ldi r30,lo8(110)
 198 0030 F0E0      		ldi r31,0
 199 0032 2081      		ld r18,Z
 200 0034 982F      		mov r25,r24
 201 0036 9072      		andi r25,lo8(32)
 202 0038 922B      		or r25,r18
 203 003a 8074      		andi r24,lo8(64)
 204 003c 880F      		lsl r24
 205 003e 892B      		or r24,r25
 206 0040 8083      		st Z,r24
 207 0042 0895      		ret
 208               		.size	Timer0SetupInterrupt, .-Timer0SetupInterrupt
 209               	.Lscope4:
GAS LISTING /tmp/ccF2PH2b.s 			page 5


 210               		.stabs	"",36,0,0,.Lscope4-.LFBB4
 211               		.stabd	78,0,0
 212               		.stabs	"Timer0SetCompareA:F(0,45)",36,0,22,Timer0SetCompareA
 213               		.stabs	"comparea:P(5,2)",64,0,22,24
 214               	.global	Timer0SetCompareA
 215               		.type	Timer0SetCompareA, @function
 216               	Timer0SetCompareA:
 217               		.stabd	46,0,0
  20:../Libraries/Timer0/Timer0.c **** }
  21:../Libraries/Timer0/Timer0.c **** 
  22:../Libraries/Timer0/Timer0.c **** void Timer0SetCompareA(uint8_t comparea){
 218               		.stabn	68,0,22,.LM9-.LFBB5
 219               	.LM9:
 220               	.LFBB5:
 221               	/* prologue: function */
 222               	/* frame size = 0 */
 223               	/* stack size = 0 */
 224               	.L__stack_usage = 0
  23:../Libraries/Timer0/Timer0.c ****   OCR0A = comparea;
 225               		.stabn	68,0,23,.LM10-.LFBB5
 226               	.LM10:
 227 0044 87BD      		out 0x27,r24
 228 0046 0895      		ret
 229               		.size	Timer0SetCompareA, .-Timer0SetCompareA
 230               	.Lscope5:
 231               		.stabs	"",36,0,0,.Lscope5-.LFBB5
 232               		.stabd	78,0,0
 233               		.stabs	"Timer0SetCompareB:F(0,45)",36,0,26,Timer0SetCompareB
 234               		.stabs	"compareb:P(5,2)",64,0,26,24
 235               	.global	Timer0SetCompareB
 236               		.type	Timer0SetCompareB, @function
 237               	Timer0SetCompareB:
 238               		.stabd	46,0,0
  24:../Libraries/Timer0/Timer0.c **** }
  25:../Libraries/Timer0/Timer0.c **** 
  26:../Libraries/Timer0/Timer0.c **** void Timer0SetCompareB(uint8_t compareb){
 239               		.stabn	68,0,26,.LM11-.LFBB6
 240               	.LM11:
 241               	.LFBB6:
 242               	/* prologue: function */
 243               	/* frame size = 0 */
 244               	/* stack size = 0 */
 245               	.L__stack_usage = 0
  27:../Libraries/Timer0/Timer0.c ****   OCR0B = compareb;
 246               		.stabn	68,0,27,.LM12-.LFBB6
 247               	.LM12:
 248 0048 88BD      		out 0x28,r24
 249 004a 0895      		ret
 250               		.size	Timer0SetCompareB, .-Timer0SetCompareB
 251               	.Lscope6:
 252               		.stabs	"",36,0,0,.Lscope6-.LFBB6
 253               		.stabd	78,0,0
 254               		.stabs	"Timer0ReadCounter:F(5,2)",36,0,30,Timer0ReadCounter
 255               	.global	Timer0ReadCounter
 256               		.type	Timer0ReadCounter, @function
 257               	Timer0ReadCounter:
 258               		.stabd	46,0,0
GAS LISTING /tmp/ccF2PH2b.s 			page 6


  28:../Libraries/Timer0/Timer0.c **** }
  29:../Libraries/Timer0/Timer0.c **** 
  30:../Libraries/Timer0/Timer0.c **** uint8_t Timer0ReadCounter(void){
 259               		.stabn	68,0,30,.LM13-.LFBB7
 260               	.LM13:
 261               	.LFBB7:
 262               	/* prologue: function */
 263               	/* frame size = 0 */
 264               	/* stack size = 0 */
 265               	.L__stack_usage = 0
  31:../Libraries/Timer0/Timer0.c ****   return TCNT0;
 266               		.stabn	68,0,31,.LM14-.LFBB7
 267               	.LM14:
 268 004c 86B5      		in r24,0x26
  32:../Libraries/Timer0/Timer0.c **** }
 269               		.stabn	68,0,32,.LM15-.LFBB7
 270               	.LM15:
 271 004e 0895      		ret
 272               		.size	Timer0ReadCounter, .-Timer0ReadCounter
 273               	.Lscope7:
 274               		.stabs	"",36,0,0,.Lscope7-.LFBB7
 275               		.stabd	78,0,0
 276               		.stabs	"",100,0,0,.Letext0
 277               	.Letext0:
 278               		.ident	"GCC: (GNU) 4.8.1"
GAS LISTING /tmp/ccF2PH2b.s 			page 7


DEFINED SYMBOLS
                            *ABS*:0000000000000000 Timer0.c
     /tmp/ccF2PH2b.s:2      *ABS*:000000000000003e __SP_H__
     /tmp/ccF2PH2b.s:3      *ABS*:000000000000003d __SP_L__
     /tmp/ccF2PH2b.s:4      *ABS*:000000000000003f __SREG__
     /tmp/ccF2PH2b.s:5      *ABS*:0000000000000000 __tmp_reg__
     /tmp/ccF2PH2b.s:6      *ABS*:0000000000000001 __zero_reg__
     /tmp/ccF2PH2b.s:104    .text:0000000000000000 Timer0SetupOutput
     /tmp/ccF2PH2b.s:126    .text:0000000000000006 Timer0SetupMode
     /tmp/ccF2PH2b.s:158    .text:000000000000001c Timer0SetupPrescale
     /tmp/ccF2PH2b.s:186    .text:000000000000002e Timer0SetupInterrupt
     /tmp/ccF2PH2b.s:216    .text:0000000000000044 Timer0SetCompareA
     /tmp/ccF2PH2b.s:237    .text:0000000000000048 Timer0SetCompareB
     /tmp/ccF2PH2b.s:257    .text:000000000000004c Timer0ReadCounter

NO UNDEFINED SYMBOLS
