GAS LISTING /tmp/ccp7xVPh.s 			page 1


   1               		.file	"ADC.c"
   2               	__SP_H__ = 0x3e
   3               	__SP_L__ = 0x3d
   4               	__SREG__ = 0x3f
   5               	__tmp_reg__ = 0
   6               	__zero_reg__ = 1
   7               		.stabs	"/home/edward/Microcontroller/Atmega328p/MiniCopter/Controller/",100,0,2,.Ltext0
   8               		.stabs	"ADC.c",100,0,2,.Ltext0
   9               		.text
  10               	.Ltext0:
  11               		.stabs	"gcc2_compiled.",60,0,0,0
  12               		.stabs	"int:t(0,1)=r(0,1);-32768;32767;",128,0,0,0
  13               		.stabs	"char:t(0,2)=@s8;r(0,2);0;255;",128,0,0,0
  14               		.stabs	"long int:t(0,3)=@s32;r(0,3);020000000000;017777777777;",128,0,0,0
  15               		.stabs	"unsigned int:t(0,4)=r(0,4);0;0177777;",128,0,0,0
  16               		.stabs	"long unsigned int:t(0,5)=@s32;r(0,5);0;037777777777;",128,0,0,0
  17               		.stabs	"long long int:t(0,6)=@s64;r(0,6);01000000000000000000000;0777777777777777777777;",128,0,0,
  18               		.stabs	"long long unsigned int:t(0,7)=@s64;r(0,7);0;01777777777777777777777;",128,0,0,0
  19               		.stabs	"short int:t(0,8)=r(0,8);-32768;32767;",128,0,0,0
  20               		.stabs	"short unsigned int:t(0,9)=r(0,9);0;0177777;",128,0,0,0
  21               		.stabs	"signed char:t(0,10)=@s8;r(0,10);-128;127;",128,0,0,0
  22               		.stabs	"unsigned char:t(0,11)=@s8;r(0,11);0;255;",128,0,0,0
  23               		.stabs	"float:t(0,12)=r(0,1);4;0;",128,0,0,0
  24               		.stabs	"double:t(0,13)=r(0,1);4;0;",128,0,0,0
  25               		.stabs	"long double:t(0,14)=r(0,1);4;0;",128,0,0,0
  26               		.stabs	"short _Fract:t(0,15)=r(0,1);1;0;",128,0,0,0
  27               		.stabs	"_Fract:t(0,16)=r(0,1);2;0;",128,0,0,0
  28               		.stabs	"long _Fract:t(0,17)=r(0,1);4;0;",128,0,0,0
  29               		.stabs	"long long _Fract:t(0,18)=r(0,1);8;0;",128,0,0,0
  30               		.stabs	"unsigned short _Fract:t(0,19)=r(0,1);1;0;",128,0,0,0
  31               		.stabs	"unsigned _Fract:t(0,20)=r(0,1);2;0;",128,0,0,0
  32               		.stabs	"unsigned long _Fract:t(0,21)=r(0,1);4;0;",128,0,0,0
  33               		.stabs	"unsigned long long _Fract:t(0,22)=r(0,1);8;0;",128,0,0,0
  34               		.stabs	"_Sat short _Fract:t(0,23)=r(0,1);1;0;",128,0,0,0
  35               		.stabs	"_Sat _Fract:t(0,24)=r(0,1);2;0;",128,0,0,0
  36               		.stabs	"_Sat long _Fract:t(0,25)=r(0,1);4;0;",128,0,0,0
  37               		.stabs	"_Sat long long _Fract:t(0,26)=r(0,1);8;0;",128,0,0,0
  38               		.stabs	"_Sat unsigned short _Fract:t(0,27)=r(0,1);1;0;",128,0,0,0
  39               		.stabs	"_Sat unsigned _Fract:t(0,28)=r(0,1);2;0;",128,0,0,0
  40               		.stabs	"_Sat unsigned long _Fract:t(0,29)=r(0,1);4;0;",128,0,0,0
  41               		.stabs	"_Sat unsigned long long _Fract:t(0,30)=r(0,1);8;0;",128,0,0,0
  42               		.stabs	"short _Accum:t(0,31)=r(0,1);2;0;",128,0,0,0
  43               		.stabs	"_Accum:t(0,32)=r(0,1);4;0;",128,0,0,0
  44               		.stabs	"long _Accum:t(0,33)=r(0,1);8;0;",128,0,0,0
  45               		.stabs	"long long _Accum:t(0,34)=r(0,1);8;0;",128,0,0,0
  46               		.stabs	"unsigned short _Accum:t(0,35)=r(0,1);2;0;",128,0,0,0
  47               		.stabs	"unsigned _Accum:t(0,36)=r(0,1);4;0;",128,0,0,0
  48               		.stabs	"unsigned long _Accum:t(0,37)=r(0,1);8;0;",128,0,0,0
  49               		.stabs	"unsigned long long _Accum:t(0,38)=r(0,1);8;0;",128,0,0,0
  50               		.stabs	"_Sat short _Accum:t(0,39)=r(0,1);2;0;",128,0,0,0
  51               		.stabs	"_Sat _Accum:t(0,40)=r(0,1);4;0;",128,0,0,0
  52               		.stabs	"_Sat long _Accum:t(0,41)=r(0,1);8;0;",128,0,0,0
  53               		.stabs	"_Sat long long _Accum:t(0,42)=r(0,1);8;0;",128,0,0,0
  54               		.stabs	"_Sat unsigned short _Accum:t(0,43)=r(0,1);2;0;",128,0,0,0
  55               		.stabs	"_Sat unsigned _Accum:t(0,44)=r(0,1);4;0;",128,0,0,0
  56               		.stabs	"_Sat unsigned long _Accum:t(0,45)=r(0,1);8;0;",128,0,0,0
  57               		.stabs	"_Sat unsigned long long _Accum:t(0,46)=r(0,1);8;0;",128,0,0,0
GAS LISTING /tmp/ccp7xVPh.s 			page 2


  58               		.stabs	"void:t(0,47)=(0,47)",128,0,0,0
  59               		.stabs	"/usr/lib/avr/include/avr/io.h",130,0,0,0
  60               		.stabs	"/usr/lib/avr/include/avr/sfr_defs.h",130,0,0,0
  61               		.stabs	"/usr/lib/avr/include/inttypes.h",130,0,0,0
  62               		.stabs	"/usr/lib/gcc/avr/4.8.2/include/stdint.h",130,0,0,0
  63               		.stabs	"/usr/lib/avr/include/stdint.h",130,0,0,0
  64               		.stabs	"int8_t:t(5,1)=(0,10)",128,0,121,0
  65               		.stabs	"uint8_t:t(5,2)=(0,11)",128,0,122,0
  66               		.stabs	"int16_t:t(5,3)=(0,1)",128,0,123,0
  67               		.stabs	"uint16_t:t(5,4)=(0,4)",128,0,124,0
  68               		.stabs	"int32_t:t(5,5)=(0,3)",128,0,125,0
  69               		.stabs	"uint32_t:t(5,6)=(0,5)",128,0,126,0
  70               		.stabs	"int64_t:t(5,7)=(0,6)",128,0,128,0
  71               		.stabs	"uint64_t:t(5,8)=(0,7)",128,0,129,0
  72               		.stabs	"intptr_t:t(5,9)=(5,3)",128,0,142,0
  73               		.stabs	"uintptr_t:t(5,10)=(5,4)",128,0,147,0
  74               		.stabs	"int_least8_t:t(5,11)=(5,1)",128,0,159,0
  75               		.stabs	"uint_least8_t:t(5,12)=(5,2)",128,0,164,0
  76               		.stabs	"int_least16_t:t(5,13)=(5,3)",128,0,169,0
  77               		.stabs	"uint_least16_t:t(5,14)=(5,4)",128,0,174,0
  78               		.stabs	"int_least32_t:t(5,15)=(5,5)",128,0,179,0
  79               		.stabs	"uint_least32_t:t(5,16)=(5,6)",128,0,184,0
  80               		.stabs	"int_least64_t:t(5,17)=(5,7)",128,0,192,0
  81               		.stabs	"uint_least64_t:t(5,18)=(5,8)",128,0,199,0
  82               		.stabs	"int_fast8_t:t(5,19)=(5,1)",128,0,213,0
  83               		.stabs	"uint_fast8_t:t(5,20)=(5,2)",128,0,218,0
  84               		.stabs	"int_fast16_t:t(5,21)=(5,3)",128,0,223,0
  85               		.stabs	"uint_fast16_t:t(5,22)=(5,4)",128,0,228,0
  86               		.stabs	"int_fast32_t:t(5,23)=(5,5)",128,0,233,0
  87               		.stabs	"uint_fast32_t:t(5,24)=(5,6)",128,0,238,0
  88               		.stabs	"int_fast64_t:t(5,25)=(5,7)",128,0,246,0
  89               		.stabs	"uint_fast64_t:t(5,26)=(5,8)",128,0,253,0
  90               		.stabs	"intmax_t:t(5,27)=(5,7)",128,0,273,0
  91               		.stabs	"uintmax_t:t(5,28)=(5,8)",128,0,278,0
  92               		.stabn	162,0,0,0
  93               		.stabn	162,0,0,0
  94               		.stabs	"int_farptr_t:t(3,1)=(5,5)",128,0,77,0
  95               		.stabs	"uint_farptr_t:t(3,2)=(5,6)",128,0,81,0
  96               		.stabn	162,0,0,0
  97               		.stabn	162,0,0,0
  98               		.stabs	"/usr/lib/avr/include/avr/fuse.h",130,0,0,0
  99               		.stabs	"__fuse_t:t(6,1)=(6,2)=s3low:(0,11),0,8;high:(0,11),8,8;extended:(0,11),16,8;;",128,0,244,0
 100               		.stabn	162,0,0,0
 101               		.stabn	162,0,0,0
 102               		.stabs	"/usr/lib/avr/include/stdio.h",130,0,0,0
 103               		.stabs	"/usr/lib/gcc/avr/4.8.2/include/stdarg.h",130,0,0,0
 104               		.stabs	"__gnuc_va_list:t(8,1)=(8,2)=*(0,47)",128,0,40,0
 105               		.stabs	"va_list:t(8,3)=(8,1)",128,0,98,0
 106               		.stabn	162,0,0,0
 107               		.stabs	"/usr/lib/gcc/avr/4.8.2/include/stddef.h",130,0,0,0
 108               		.stabs	"size_t:t(9,1)=(0,4)",128,0,212,0
 109               		.stabn	162,0,0,0
 110               		.stabs	"__file:T(7,1)=s14buf:(7,2)=*(0,2),0,16;unget:(0,11),16,8;flags:(5,2),24,8;size:(0,1),32,16
 111               		.stabn	162,0,0,0
 112               		.stabs	"ADCInitilize:F(0,47)",36,0,7,ADCInitilize
 113               	.global	ADCInitilize
 114               		.type	ADCInitilize, @function
GAS LISTING /tmp/ccp7xVPh.s 			page 3


 115               	ADCInitilize:
 116               		.stabd	46,0,0
   1:ADC.c         **** #include <avr/io.h>
   2:ADC.c         **** #include <stdio.h>
   3:ADC.c         **** #include <avr/pgmspace.h>
   4:ADC.c         **** 
   5:ADC.c         **** #include "ADC.h"
   6:ADC.c         **** 
   7:ADC.c         **** void ADCInitilize(void)
   8:ADC.c         **** {
 117               		.stabn	68,0,8,.LM0-.LFBB1
 118               	.LM0:
 119               	.LFBB1:
 120               	/* prologue: function */
 121               	/* frame size = 0 */
 122               	/* stack size = 0 */
 123               	.L__stack_usage = 0
   9:ADC.c         ****   PORTC = 0x00;
 124               		.stabn	68,0,9,.LM1-.LFBB1
 125               	.LM1:
 126 0000 18B8      		out 0x8,__zero_reg__
  10:ADC.c         ****   DDRC = 0x00;
 127               		.stabn	68,0,10,.LM2-.LFBB1
 128               	.LM2:
 129 0002 17B8      		out 0x7,__zero_reg__
  11:ADC.c         **** 
  12:ADC.c         ****   ADMUX |= 0<<REFS0 | 0<<REFS1;
 130               		.stabn	68,0,12,.LM3-.LFBB1
 131               	.LM3:
 132 0004 8091 7C00 		lds r24,124
 133 0008 8093 7C00 		sts 124,r24
  13:ADC.c         ****   ADMUX |= 1<<ADLAR;
 134               		.stabn	68,0,13,.LM4-.LFBB1
 135               	.LM4:
 136 000c 8091 7C00 		lds r24,124
 137 0010 8062      		ori r24,lo8(32)
 138 0012 8093 7C00 		sts 124,r24
  14:ADC.c         ****   ADCSRA |= 1<<ADEN | 1<<ADPS2 | 0<<ADPS1 | 0<<ADPS0 | 1<<ADSC;
 139               		.stabn	68,0,14,.LM5-.LFBB1
 140               	.LM5:
 141 0016 8091 7A00 		lds r24,122
 142 001a 846C      		ori r24,lo8(-60)
 143 001c 8093 7A00 		sts 122,r24
 144               	.L3:
  15:ADC.c         ****   loop_until_bit_is_clear(ADCSRA,ADSC);
 145               		.stabn	68,0,15,.LM6-.LFBB1
 146               	.LM6:
 147 0020 8091 7A00 		lds r24,122
 148 0024 86FD      		sbrc r24,6
 149 0026 00C0      		rjmp .L3
 150               	/* epilogue start */
  16:ADC.c         **** }
 151               		.stabn	68,0,16,.LM7-.LFBB1
 152               	.LM7:
 153 0028 0895      		ret
 154               		.size	ADCInitilize, .-ADCInitilize
 155               	.Lscope1:
GAS LISTING /tmp/ccp7xVPh.s 			page 4


 156               		.stabs	"",36,0,0,.Lscope1-.LFBB1
 157               		.stabd	78,0,0
 158               		.stabs	"ADCRead:F(0,4)",36,0,18,ADCRead
 159               		.stabs	"ADCPin:P(0,2)",64,0,18,24
 160               		.stabs	"Resolution:P(0,2)",64,0,18,22
 161               	.global	ADCRead
 162               		.type	ADCRead, @function
 163               	ADCRead:
 164               		.stabd	46,0,0
  17:ADC.c         **** 
  18:ADC.c         **** unsigned int ADCRead(char ADCPin, char Resolution)
  19:ADC.c         **** {
 165               		.stabn	68,0,19,.LM8-.LFBB2
 166               	.LM8:
 167               	.LFBB2:
 168               	/* prologue: function */
 169               	/* frame size = 0 */
 170               	/* stack size = 0 */
 171               	.L__stack_usage = 0
  20:ADC.c         ****   char r;
  21:ADC.c         ****   r = 0x10;
  22:ADC.c         ****   r += ADCPin;
 172               		.stabn	68,0,22,.LM9-.LFBB2
 173               	.LM9:
 174 002a 805F      		subi r24,lo8(-(16))
  23:ADC.c         ****   ADMUX = r;
 175               		.stabn	68,0,23,.LM10-.LFBB2
 176               	.LM10:
 177 002c 8093 7C00 		sts 124,r24
  24:ADC.c         ****   ADCSRA |= 1<<ADSC;
 178               		.stabn	68,0,24,.LM11-.LFBB2
 179               	.LM11:
 180 0030 8091 7A00 		lds r24,122
 181 0034 8064      		ori r24,lo8(64)
 182 0036 8093 7A00 		sts 122,r24
 183               	.L7:
  25:ADC.c         ****   loop_until_bit_is_clear(ADCSRA,ADSC);
 184               		.stabn	68,0,25,.LM12-.LFBB2
 185               	.LM12:
 186 003a 8091 7A00 		lds r24,122
 187 003e 86FD      		sbrc r24,6
 188 0040 00C0      		rjmp .L7
  26:ADC.c         ****   char l = ADCL;
 189               		.stabn	68,0,26,.LM13-.LFBB2
 190               	.LM13:
 191 0042 8091 7800 		lds r24,120
  27:ADC.c         ****   char h = ADCH;
 192               		.stabn	68,0,27,.LM14-.LFBB2
 193               	.LM14:
 194 0046 2091 7900 		lds r18,121
 195 004a 90E0      		ldi r25,0
  28:ADC.c         **** 
  29:ADC.c         ****   if(Resolution){ 
 196               		.stabn	68,0,29,.LM15-.LFBB2
 197               	.LM15:
 198 004c 6111      		cpse r22,__zero_reg__
  30:ADC.c         ****     return ((int)h)<<8|l; 
GAS LISTING /tmp/ccp7xVPh.s 			page 5


 199               		.stabn	68,0,30,.LM16-.LFBB2
 200               	.LM16:
 201 004e 922B      		or r25,r18
 202               	.L9:
  31:ADC.c         ****   }else{
  32:ADC.c         ****     return l;
  33:ADC.c         ****   }
  34:ADC.c         **** }
 203               		.stabn	68,0,34,.LM17-.LFBB2
 204               	.LM17:
 205 0050 0895      		ret
 206               		.size	ADCRead, .-ADCRead
 207               		.stabs	"r:r(0,2)",64,0,20,24
 208               		.stabs	"l:r(0,2)",64,0,26,24
 209               		.stabs	"h:r(0,2)",64,0,27,18
 210               		.stabn	192,0,0,.LFBB2-.LFBB2
 211               		.stabn	224,0,0,.Lscope2-.LFBB2
 212               	.Lscope2:
 213               		.stabs	"",36,0,0,.Lscope2-.LFBB2
 214               		.stabd	78,0,0
 215               		.stabs	"",100,0,0,.Letext0
 216               	.Letext0:
 217               		.ident	"GCC: (GNU) 4.8.2"
GAS LISTING /tmp/ccp7xVPh.s 			page 6


DEFINED SYMBOLS
                            *ABS*:0000000000000000 ADC.c
     /tmp/ccp7xVPh.s:2      *ABS*:000000000000003e __SP_H__
     /tmp/ccp7xVPh.s:3      *ABS*:000000000000003d __SP_L__
     /tmp/ccp7xVPh.s:4      *ABS*:000000000000003f __SREG__
     /tmp/ccp7xVPh.s:5      *ABS*:0000000000000000 __tmp_reg__
     /tmp/ccp7xVPh.s:6      *ABS*:0000000000000001 __zero_reg__
     /tmp/ccp7xVPh.s:115    .text:0000000000000000 ADCInitilize
     /tmp/ccp7xVPh.s:163    .text:000000000000002a ADCRead

NO UNDEFINED SYMBOLS
