GAS LISTING /tmp/ccCIbmbJ.s 			page 1


   1               		.file	"main.c"
   2               	__SP_H__ = 0x3e
   3               	__SP_L__ = 0x3d
   4               	__SREG__ = 0x3f
   5               	__tmp_reg__ = 0
   6               	__zero_reg__ = 1
   7               		.stabs	"/home/edward/Microcontroller/Atmega328p/MiniCopter/Copter/",100,0,2,.Ltext0
   8               		.stabs	"main.c",100,0,2,.Ltext0
   9               		.text
  10               	.Ltext0:
  11               		.stabs	"gcc2_compiled.",60,0,0,0
  12               		.stabs	"int:t(0,1)=r(0,1);-32768;32767;",128,0,0,0
  13               		.stabs	"char:t(0,2)=@s8;r(0,2);0;255;",128,0,0,0
  14               		.stabs	"long int:t(0,3)=@s32;r(0,3);020000000000;017777777777;",128,0,0,0
  15               		.stabs	"unsigned int:t(0,4)=r(0,4);0;0177777;",128,0,0,0
  16               		.stabs	"long unsigned int:t(0,5)=@s32;r(0,5);0;037777777777;",128,0,0,0
  17               		.stabs	"long long int:t(0,6)=@s64;r(0,6);01000000000000000000000;0777777777777777777777;",128,0,0,
  18               		.stabs	"long long unsigned int:t(0,7)=@s64;r(0,7);0;01777777777777777777777;",128,0,0,0
  19               		.stabs	"short int:t(0,8)=r(0,8);-32768;32767;",128,0,0,0
  20               		.stabs	"short unsigned int:t(0,9)=r(0,9);0;0177777;",128,0,0,0
  21               		.stabs	"signed char:t(0,10)=@s8;r(0,10);-128;127;",128,0,0,0
  22               		.stabs	"unsigned char:t(0,11)=@s8;r(0,11);0;255;",128,0,0,0
  23               		.stabs	"float:t(0,12)=r(0,1);4;0;",128,0,0,0
  24               		.stabs	"double:t(0,13)=r(0,1);4;0;",128,0,0,0
  25               		.stabs	"long double:t(0,14)=r(0,1);4;0;",128,0,0,0
  26               		.stabs	"short _Fract:t(0,15)=r(0,1);1;0;",128,0,0,0
  27               		.stabs	"_Fract:t(0,16)=r(0,1);2;0;",128,0,0,0
  28               		.stabs	"long _Fract:t(0,17)=r(0,1);4;0;",128,0,0,0
  29               		.stabs	"long long _Fract:t(0,18)=r(0,1);8;0;",128,0,0,0
  30               		.stabs	"unsigned short _Fract:t(0,19)=r(0,1);1;0;",128,0,0,0
  31               		.stabs	"unsigned _Fract:t(0,20)=r(0,1);2;0;",128,0,0,0
  32               		.stabs	"unsigned long _Fract:t(0,21)=r(0,1);4;0;",128,0,0,0
  33               		.stabs	"unsigned long long _Fract:t(0,22)=r(0,1);8;0;",128,0,0,0
  34               		.stabs	"_Sat short _Fract:t(0,23)=r(0,1);1;0;",128,0,0,0
  35               		.stabs	"_Sat _Fract:t(0,24)=r(0,1);2;0;",128,0,0,0
  36               		.stabs	"_Sat long _Fract:t(0,25)=r(0,1);4;0;",128,0,0,0
  37               		.stabs	"_Sat long long _Fract:t(0,26)=r(0,1);8;0;",128,0,0,0
  38               		.stabs	"_Sat unsigned short _Fract:t(0,27)=r(0,1);1;0;",128,0,0,0
  39               		.stabs	"_Sat unsigned _Fract:t(0,28)=r(0,1);2;0;",128,0,0,0
  40               		.stabs	"_Sat unsigned long _Fract:t(0,29)=r(0,1);4;0;",128,0,0,0
  41               		.stabs	"_Sat unsigned long long _Fract:t(0,30)=r(0,1);8;0;",128,0,0,0
  42               		.stabs	"short _Accum:t(0,31)=r(0,1);2;0;",128,0,0,0
  43               		.stabs	"_Accum:t(0,32)=r(0,1);4;0;",128,0,0,0
  44               		.stabs	"long _Accum:t(0,33)=r(0,1);8;0;",128,0,0,0
  45               		.stabs	"long long _Accum:t(0,34)=r(0,1);8;0;",128,0,0,0
  46               		.stabs	"unsigned short _Accum:t(0,35)=r(0,1);2;0;",128,0,0,0
  47               		.stabs	"unsigned _Accum:t(0,36)=r(0,1);4;0;",128,0,0,0
  48               		.stabs	"unsigned long _Accum:t(0,37)=r(0,1);8;0;",128,0,0,0
  49               		.stabs	"unsigned long long _Accum:t(0,38)=r(0,1);8;0;",128,0,0,0
  50               		.stabs	"_Sat short _Accum:t(0,39)=r(0,1);2;0;",128,0,0,0
  51               		.stabs	"_Sat _Accum:t(0,40)=r(0,1);4;0;",128,0,0,0
  52               		.stabs	"_Sat long _Accum:t(0,41)=r(0,1);8;0;",128,0,0,0
  53               		.stabs	"_Sat long long _Accum:t(0,42)=r(0,1);8;0;",128,0,0,0
  54               		.stabs	"_Sat unsigned short _Accum:t(0,43)=r(0,1);2;0;",128,0,0,0
  55               		.stabs	"_Sat unsigned _Accum:t(0,44)=r(0,1);4;0;",128,0,0,0
  56               		.stabs	"_Sat unsigned long _Accum:t(0,45)=r(0,1);8;0;",128,0,0,0
  57               		.stabs	"_Sat unsigned long long _Accum:t(0,46)=r(0,1);8;0;",128,0,0,0
GAS LISTING /tmp/ccCIbmbJ.s 			page 2


  58               		.stabs	"void:t(0,47)=(0,47)",128,0,0,0
  59               		.stabs	"../../Libraries/nRF24/nRF24.h",130,0,0,0
  60               		.stabs	"/usr/lib/avr/include/inttypes.h",130,0,0,0
  61               		.stabs	"/usr/lib/gcc/avr/4.8.2/include/stdint.h",130,0,0,0
  62               		.stabs	"/usr/lib/avr/include/stdint.h",130,0,0,0
  63               		.stabs	"int8_t:t(4,1)=(0,10)",128,0,121,0
  64               		.stabs	"uint8_t:t(4,2)=(0,11)",128,0,122,0
  65               		.stabs	"int16_t:t(4,3)=(0,1)",128,0,123,0
  66               		.stabs	"uint16_t:t(4,4)=(0,4)",128,0,124,0
  67               		.stabs	"int32_t:t(4,5)=(0,3)",128,0,125,0
  68               		.stabs	"uint32_t:t(4,6)=(0,5)",128,0,126,0
  69               		.stabs	"int64_t:t(4,7)=(0,6)",128,0,128,0
  70               		.stabs	"uint64_t:t(4,8)=(0,7)",128,0,129,0
  71               		.stabs	"intptr_t:t(4,9)=(4,3)",128,0,142,0
  72               		.stabs	"uintptr_t:t(4,10)=(4,4)",128,0,147,0
  73               		.stabs	"int_least8_t:t(4,11)=(4,1)",128,0,159,0
  74               		.stabs	"uint_least8_t:t(4,12)=(4,2)",128,0,164,0
  75               		.stabs	"int_least16_t:t(4,13)=(4,3)",128,0,169,0
  76               		.stabs	"uint_least16_t:t(4,14)=(4,4)",128,0,174,0
  77               		.stabs	"int_least32_t:t(4,15)=(4,5)",128,0,179,0
  78               		.stabs	"uint_least32_t:t(4,16)=(4,6)",128,0,184,0
  79               		.stabs	"int_least64_t:t(4,17)=(4,7)",128,0,192,0
  80               		.stabs	"uint_least64_t:t(4,18)=(4,8)",128,0,199,0
  81               		.stabs	"int_fast8_t:t(4,19)=(4,1)",128,0,213,0
  82               		.stabs	"uint_fast8_t:t(4,20)=(4,2)",128,0,218,0
  83               		.stabs	"int_fast16_t:t(4,21)=(4,3)",128,0,223,0
  84               		.stabs	"uint_fast16_t:t(4,22)=(4,4)",128,0,228,0
  85               		.stabs	"int_fast32_t:t(4,23)=(4,5)",128,0,233,0
  86               		.stabs	"uint_fast32_t:t(4,24)=(4,6)",128,0,238,0
  87               		.stabs	"int_fast64_t:t(4,25)=(4,7)",128,0,246,0
  88               		.stabs	"uint_fast64_t:t(4,26)=(4,8)",128,0,253,0
  89               		.stabs	"intmax_t:t(4,27)=(4,7)",128,0,273,0
  90               		.stabs	"uintmax_t:t(4,28)=(4,8)",128,0,278,0
  91               		.stabn	162,0,0,0
  92               		.stabn	162,0,0,0
  93               		.stabs	"int_farptr_t:t(2,1)=(4,5)",128,0,77,0
  94               		.stabs	"uint_farptr_t:t(2,2)=(4,6)",128,0,81,0
  95               		.stabn	162,0,0,0
  96               		.stabn	162,0,0,0
  97               		.stabs	"/usr/lib/avr/include/avr/io.h",130,0,0,0
  98               		.stabs	"/usr/lib/avr/include/avr/fuse.h",130,0,0,0
  99               		.stabs	"__fuse_t:t(6,1)=(6,2)=s3low:(0,11),0,8;high:(0,11),8,8;extended:(0,11),16,8;;",128,0,244,0
 100               		.stabn	162,0,0,0
 101               		.stabn	162,0,0,0
 102               		.section	.text.startup,"ax",@progbits
 103               		.stabs	"main:F(0,1)",36,0,7,main
 104               	.global	main
 105               		.type	main, @function
 106               	main:
 107               		.stabd	46,0,0
   1:main.c        **** #include "SPI.h"
   2:main.c        **** #include "nRF24.h"
   3:main.c        **** #include <avr/io.h>
   4:main.c        **** 
   5:main.c        **** 
   6:main.c        **** 
   7:main.c        **** int main(void){
GAS LISTING /tmp/ccCIbmbJ.s 			page 3


 108               		.stabn	68,0,7,.LM0-.LFBB1
 109               	.LM0:
 110               	.LFBB1:
 111               	/* prologue: function */
 112               	/* frame size = 0 */
 113               	/* stack size = 0 */
 114               	.L__stack_usage = 0
   8:main.c        **** 
   9:main.c        ****   SPI_MasterInit();
 115               		.stabn	68,0,9,.LM1-.LFBB1
 116               	.LM1:
 117 0000 0E94 0000 		call SPI_MasterInit
  10:main.c        ****   nRF24InitReceive(&PORTB, 2);
 118               		.stabn	68,0,10,.LM2-.LFBB1
 119               	.LM2:
 120 0004 62E0      		ldi r22,lo8(2)
 121 0006 85E2      		ldi r24,lo8(37)
 122 0008 90E0      		ldi r25,0
 123 000a 0E94 0000 		call nRF24InitReceive
  11:main.c        ****   DDRD |= (1<<0)|(1<<7)|(1<<1);
 124               		.stabn	68,0,11,.LM3-.LFBB1
 125               	.LM3:
 126 000e 8AB1      		in r24,0xa
 127 0010 8368      		ori r24,lo8(-125)
 128 0012 8AB9      		out 0xa,r24
  12:main.c        ****   PORTD |= (1<<0)|(1<<7)|(0<<1);
 129               		.stabn	68,0,12,.LM4-.LFBB1
 130               	.LM4:
 131 0014 8BB1      		in r24,0xb
 132 0016 8168      		ori r24,lo8(-127)
 133 0018 8BB9      		out 0xb,r24
 134               	.L3:
 135               	.LBB2:
  13:main.c        **** 
  14:main.c        ****   while(1){
  15:main.c        ****   PORTD &= ~(1<<0);
 136               		.stabn	68,0,15,.LM5-.LFBB1
 137               	.LM5:
 138 001a 5898      		cbi 0xb,0
  16:main.c        ****   char ReadValue = ReadRXChar(&PORTB, 2);
 139               		.stabn	68,0,16,.LM6-.LFBB1
 140               	.LM6:
 141 001c 62E0      		ldi r22,lo8(2)
 142 001e 85E2      		ldi r24,lo8(37)
 143 0020 90E0      		ldi r25,0
 144 0022 0E94 0000 		call ReadRXChar
  17:main.c        ****   PORTD |= (1<<0);
 145               		.stabn	68,0,17,.LM7-.LFBB1
 146               	.LM7:
 147 0026 589A      		sbi 0xb,0
  18:main.c        **** //  PORTB &= ~(1<<2);
  19:main.c        **** //  SPI_MasterTransmitByte(ReadValue);
  20:main.c        **** //  PORTB |= (1<<2);
  21:main.c        ****   if(ReadValue == 0xAA){
 148               		.stabn	68,0,21,.LM8-.LFBB1
 149               	.LM8:
 150 0028 8A3A      		cpi r24,lo8(-86)
GAS LISTING /tmp/ccCIbmbJ.s 			page 4


 151 002a 01F4      		brne .L3
  22:main.c        ****     PORTD |= (1<<1);
 152               		.stabn	68,0,22,.LM9-.LFBB1
 153               	.LM9:
 154 002c 599A      		sbi 0xb,1
 155 002e 00C0      		rjmp .L3
 156               	.LBE2:
 157               		.size	main, .-main
 158               	.Lscope1:
 159               		.stabs	"",36,0,0,.Lscope1-.LFBB1
 160               		.stabd	78,0,0
 161               		.text
 162               		.stabs	"",100,0,0,.Letext0
 163               	.Letext0:
 164               		.ident	"GCC: (GNU) 4.8.2"
GAS LISTING /tmp/ccCIbmbJ.s 			page 5


DEFINED SYMBOLS
                            *ABS*:0000000000000000 main.c
     /tmp/ccCIbmbJ.s:2      *ABS*:000000000000003e __SP_H__
     /tmp/ccCIbmbJ.s:3      *ABS*:000000000000003d __SP_L__
     /tmp/ccCIbmbJ.s:4      *ABS*:000000000000003f __SREG__
     /tmp/ccCIbmbJ.s:5      *ABS*:0000000000000000 __tmp_reg__
     /tmp/ccCIbmbJ.s:6      *ABS*:0000000000000001 __zero_reg__
     /tmp/ccCIbmbJ.s:106    .text.startup:0000000000000000 main

UNDEFINED SYMBOLS
SPI_MasterInit
nRF24InitReceive
ReadRXChar
