GAS LISTING /tmp/ccsuhmFa.s 			page 1


   1               		.file	"ADC.c"
   2               	__SP_H__ = 0x3e
   3               	__SP_L__ = 0x3d
   4               	__SREG__ = 0x3f
   5               	__tmp_reg__ = 0
   6               	__zero_reg__ = 1
   7               		.stabs	"/home/edward/Microcontroller/Attiny85-20PU/TempSensor/",100,0,2,.Ltext0
   8               		.stabs	"ADC.c",100,0,2,.Ltext0
   9               		.text
  10               	.Ltext0:
  11               		.stabs	"gcc2_compiled.",60,0,0,0
  12               		.stabs	"int:t(0,1)=r(0,1);-32768;32767;",128,0,0,0
  13               		.stabs	"char:t(0,2)=@s8;r(0,2);0;255;",128,0,0,0
  14               		.stabs	"long int:t(0,3)=@s32;r(0,3);020000000000;017777777777;",128,0,0,0
  15               		.stabs	"unsigned int:t(0,4)=r(0,4);0;0177777;",128,0,0,0
  16               		.stabs	"long unsigned int:t(0,5)=@s32;r(0,5);0;037777777777;",128,0,0,0
  17               		.stabs	"long long int:t(0,6)=@s64;r(0,6);01000000000000000000000;0777777777777777777777;",128,0,0,
  18               		.stabs	"long long unsigned int:t(0,7)=@s64;r(0,7);0;01777777777777777777777;",128,0,0,0
  19               		.stabs	"short int:t(0,8)=r(0,8);-32768;32767;",128,0,0,0
  20               		.stabs	"short unsigned int:t(0,9)=r(0,9);0;0177777;",128,0,0,0
  21               		.stabs	"signed char:t(0,10)=@s8;r(0,10);-128;127;",128,0,0,0
  22               		.stabs	"unsigned char:t(0,11)=@s8;r(0,11);0;255;",128,0,0,0
  23               		.stabs	"float:t(0,12)=r(0,1);4;0;",128,0,0,0
  24               		.stabs	"double:t(0,13)=r(0,1);4;0;",128,0,0,0
  25               		.stabs	"long double:t(0,14)=r(0,1);4;0;",128,0,0,0
  26               		.stabs	"short _Fract:t(0,15)=r(0,1);1;0;",128,0,0,0
  27               		.stabs	"_Fract:t(0,16)=r(0,1);2;0;",128,0,0,0
  28               		.stabs	"long _Fract:t(0,17)=r(0,1);4;0;",128,0,0,0
  29               		.stabs	"long long _Fract:t(0,18)=r(0,1);8;0;",128,0,0,0
  30               		.stabs	"unsigned short _Fract:t(0,19)=r(0,1);1;0;",128,0,0,0
  31               		.stabs	"unsigned _Fract:t(0,20)=r(0,1);2;0;",128,0,0,0
  32               		.stabs	"unsigned long _Fract:t(0,21)=r(0,1);4;0;",128,0,0,0
  33               		.stabs	"unsigned long long _Fract:t(0,22)=r(0,1);8;0;",128,0,0,0
  34               		.stabs	"_Sat short _Fract:t(0,23)=r(0,1);1;0;",128,0,0,0
  35               		.stabs	"_Sat _Fract:t(0,24)=r(0,1);2;0;",128,0,0,0
  36               		.stabs	"_Sat long _Fract:t(0,25)=r(0,1);4;0;",128,0,0,0
  37               		.stabs	"_Sat long long _Fract:t(0,26)=r(0,1);8;0;",128,0,0,0
  38               		.stabs	"_Sat unsigned short _Fract:t(0,27)=r(0,1);1;0;",128,0,0,0
  39               		.stabs	"_Sat unsigned _Fract:t(0,28)=r(0,1);2;0;",128,0,0,0
  40               		.stabs	"_Sat unsigned long _Fract:t(0,29)=r(0,1);4;0;",128,0,0,0
  41               		.stabs	"_Sat unsigned long long _Fract:t(0,30)=r(0,1);8;0;",128,0,0,0
  42               		.stabs	"short _Accum:t(0,31)=r(0,1);2;0;",128,0,0,0
  43               		.stabs	"_Accum:t(0,32)=r(0,1);4;0;",128,0,0,0
  44               		.stabs	"long _Accum:t(0,33)=r(0,1);8;0;",128,0,0,0
  45               		.stabs	"long long _Accum:t(0,34)=r(0,1);8;0;",128,0,0,0
  46               		.stabs	"unsigned short _Accum:t(0,35)=r(0,1);2;0;",128,0,0,0
  47               		.stabs	"unsigned _Accum:t(0,36)=r(0,1);4;0;",128,0,0,0
  48               		.stabs	"unsigned long _Accum:t(0,37)=r(0,1);8;0;",128,0,0,0
  49               		.stabs	"unsigned long long _Accum:t(0,38)=r(0,1);8;0;",128,0,0,0
  50               		.stabs	"_Sat short _Accum:t(0,39)=r(0,1);2;0;",128,0,0,0
  51               		.stabs	"_Sat _Accum:t(0,40)=r(0,1);4;0;",128,0,0,0
  52               		.stabs	"_Sat long _Accum:t(0,41)=r(0,1);8;0;",128,0,0,0
  53               		.stabs	"_Sat long long _Accum:t(0,42)=r(0,1);8;0;",128,0,0,0
  54               		.stabs	"_Sat unsigned short _Accum:t(0,43)=r(0,1);2;0;",128,0,0,0
  55               		.stabs	"_Sat unsigned _Accum:t(0,44)=r(0,1);4;0;",128,0,0,0
  56               		.stabs	"_Sat unsigned long _Accum:t(0,45)=r(0,1);8;0;",128,0,0,0
  57               		.stabs	"_Sat unsigned long long _Accum:t(0,46)=r(0,1);8;0;",128,0,0,0
GAS LISTING /tmp/ccsuhmFa.s 			page 2


  58               		.stabs	"void:t(0,47)=(0,47)",128,0,0,0
  59               		.stabs	"/usr/lib/avr/include/avr/pgmspace.h",130,0,0,0
  60               		.stabs	"/usr/lib/avr/include/inttypes.h",130,0,0,0
  61               		.stabs	"/usr/lib/gcc/avr/4.8.2/include/stdint.h",130,0,0,0
  62               		.stabs	"/usr/lib/avr/include/stdint.h",130,0,0,0
  63               		.stabs	"int8_t:t(4,1)=(0,10)",128,0,121,0
  64               		.stabs	"uint8_t:t(4,2)=(0,11)",128,0,122,0
  65               		.stabs	"int16_t:t(4,3)=(0,1)",128,0,123,0
  66               		.stabs	"uint16_t:t(4,4)=(0,4)",128,0,124,0
  67               		.stabs	"int32_t:t(4,5)=(0,3)",128,0,125,0
  68               		.stabs	"uint32_t:t(4,6)=(0,5)",128,0,126,0
  69               		.stabs	"int64_t:t(4,7)=(0,6)",128,0,128,0
  70               		.stabs	"uint64_t:t(4,8)=(0,7)",128,0,129,0
  71               		.stabs	"intptr_t:t(4,9)=(4,3)",128,0,142,0
  72               		.stabs	"uintptr_t:t(4,10)=(4,4)",128,0,147,0
  73               		.stabs	"int_least8_t:t(4,11)=(4,1)",128,0,159,0
  74               		.stabs	"uint_least8_t:t(4,12)=(4,2)",128,0,164,0
  75               		.stabs	"int_least16_t:t(4,13)=(4,3)",128,0,169,0
  76               		.stabs	"uint_least16_t:t(4,14)=(4,4)",128,0,174,0
  77               		.stabs	"int_least32_t:t(4,15)=(4,5)",128,0,179,0
  78               		.stabs	"uint_least32_t:t(4,16)=(4,6)",128,0,184,0
  79               		.stabs	"int_least64_t:t(4,17)=(4,7)",128,0,192,0
  80               		.stabs	"uint_least64_t:t(4,18)=(4,8)",128,0,199,0
  81               		.stabs	"int_fast8_t:t(4,19)=(4,1)",128,0,213,0
  82               		.stabs	"uint_fast8_t:t(4,20)=(4,2)",128,0,218,0
  83               		.stabs	"int_fast16_t:t(4,21)=(4,3)",128,0,223,0
  84               		.stabs	"uint_fast16_t:t(4,22)=(4,4)",128,0,228,0
  85               		.stabs	"int_fast32_t:t(4,23)=(4,5)",128,0,233,0
  86               		.stabs	"uint_fast32_t:t(4,24)=(4,6)",128,0,238,0
  87               		.stabs	"int_fast64_t:t(4,25)=(4,7)",128,0,246,0
  88               		.stabs	"uint_fast64_t:t(4,26)=(4,8)",128,0,253,0
  89               		.stabs	"intmax_t:t(4,27)=(4,7)",128,0,273,0
  90               		.stabs	"uintmax_t:t(4,28)=(4,8)",128,0,278,0
  91               		.stabn	162,0,0,0
  92               		.stabn	162,0,0,0
  93               		.stabs	"int_farptr_t:t(2,1)=(4,5)",128,0,77,0
  94               		.stabs	"uint_farptr_t:t(2,2)=(4,6)",128,0,81,0
  95               		.stabn	162,0,0,0
  96               		.stabs	"/usr/lib/gcc/avr/4.8.2/include/stddef.h",130,0,0,0
  97               		.stabs	"size_t:t(5,1)=(0,4)",128,0,212,0
  98               		.stabn	162,0,0,0
  99               		.stabs	"/usr/lib/avr/include/avr/io.h",130,0,0,0
 100               		.stabs	"/usr/lib/avr/include/avr/fuse.h",130,0,0,0
 101               		.stabs	"__fuse_t:t(7,1)=(7,2)=s3low:(0,11),0,8;high:(0,11),8,8;extended:(0,11),16,8;;",128,0,244,0
 102               		.stabn	162,0,0,0
 103               		.stabn	162,0,0,0
 104               		.stabn	162,0,0,0
 105               		.stabs	"ADCInitChar:F(0,47)",36,0,4,ADCInitChar
 106               	.global	ADCInitChar
 107               		.type	ADCInitChar, @function
 108               	ADCInitChar:
 109               		.stabd	46,0,0
   1:ADC.c         **** #include <avr/pgmspace.h>
   2:ADC.c         **** #include "ADC.h"
   3:ADC.c         **** 
   4:ADC.c         **** void ADCInitChar(void){
 110               		.stabn	68,0,4,.LM0-.LFBB1
GAS LISTING /tmp/ccsuhmFa.s 			page 3


 111               	.LM0:
 112               	.LFBB1:
 113               	/* prologue: function */
 114               	/* frame size = 0 */
 115               	/* stack size = 0 */
 116               	.L__stack_usage = 0
   5:ADC.c         **** 
   6:ADC.c         ****   ADMUX |= (1<<REFS2)|(1<<REFS1)|(1<<ADLAR);
 117               		.stabn	68,0,6,.LM1-.LFBB1
 118               	.LM1:
 119 0000 87B1      		in r24,0x7
 120 0002 806B      		ori r24,lo8(-80)
 121 0004 87B9      		out 0x7,r24
   7:ADC.c         ****   ADCSRA |= (1<<ADEN)|(1<<ADPS2)|(1<<ADSC);
 122               		.stabn	68,0,7,.LM2-.LFBB1
 123               	.LM2:
 124 0006 86B1      		in r24,0x6
 125 0008 846C      		ori r24,lo8(-60)
 126 000a 86B9      		out 0x6,r24
 127               	.L3:
   8:ADC.c         ****   loop_until_bit_is_clear(ADCSRA,ADSC);
 128               		.stabn	68,0,8,.LM3-.LFBB1
 129               	.LM3:
 130 000c 3699      		sbic 0x6,6
 131 000e 00C0      		rjmp .L3
 132               	/* epilogue start */
   9:ADC.c         **** 
  10:ADC.c         **** }
 133               		.stabn	68,0,10,.LM4-.LFBB1
 134               	.LM4:
 135 0010 0895      		ret
 136               		.size	ADCInitChar, .-ADCInitChar
 137               	.Lscope1:
 138               		.stabs	"",36,0,0,.Lscope1-.LFBB1
 139               		.stabd	78,0,0
 140               		.stabs	"ADCReadChar:F(0,2)",36,0,12,ADCReadChar
 141               		.stabs	"Pin:P(0,2)",64,0,12,24
 142               	.global	ADCReadChar
 143               		.type	ADCReadChar, @function
 144               	ADCReadChar:
 145               		.stabd	46,0,0
  11:ADC.c         **** 
  12:ADC.c         **** char ADCReadChar(char Pin){
 146               		.stabn	68,0,12,.LM5-.LFBB2
 147               	.LM5:
 148               	.LFBB2:
 149               	/* prologue: function */
 150               	/* frame size = 0 */
 151               	/* stack size = 0 */
 152               	.L__stack_usage = 0
  13:ADC.c         ****   if(Pin == 0){
 153               		.stabn	68,0,13,.LM6-.LFBB2
 154               	.LM6:
 155 0012 8823      		tst r24
 156 0014 01F0      		breq .L6
  14:ADC.c         ****   }else
  15:ADC.c         ****   if(Pin == 1){
GAS LISTING /tmp/ccsuhmFa.s 			page 4


 157               		.stabn	68,0,15,.LM7-.LFBB2
 158               	.LM7:
 159 0016 8130      		cpi r24,lo8(1)
 160 0018 01F4      		brne .L7
  16:ADC.c         ****     ADMUX |= (1<<MUX0);
 161               		.stabn	68,0,16,.LM8-.LFBB2
 162               	.LM8:
 163 001a 389A      		sbi 0x7,0
 164 001c 00C0      		rjmp .L6
 165               	.L7:
  17:ADC.c         ****   }else
  18:ADC.c         ****   if(Pin == 2){
 166               		.stabn	68,0,18,.LM9-.LFBB2
 167               	.LM9:
 168 001e 8230      		cpi r24,lo8(2)
 169 0020 01F4      		brne .L8
  19:ADC.c         ****     ADMUX |= (1<<MUX1);
 170               		.stabn	68,0,19,.LM10-.LFBB2
 171               	.LM10:
 172 0022 399A      		sbi 0x7,1
 173 0024 00C0      		rjmp .L6
 174               	.L8:
  20:ADC.c         ****   }else
  21:ADC.c         ****   if(Pin == 3){
 175               		.stabn	68,0,21,.LM11-.LFBB2
 176               	.LM11:
 177 0026 8330      		cpi r24,lo8(3)
 178 0028 01F4      		brne .L9
  22:ADC.c         ****     ADMUX |= (1<<MUX1)|(1<<MUX0);
 179               		.stabn	68,0,22,.LM12-.LFBB2
 180               	.LM12:
 181 002a 87B1      		in r24,0x7
 182 002c 8360      		ori r24,lo8(3)
 183 002e 00C0      		rjmp .L15
 184               	.L9:
  23:ADC.c         ****   }else
  24:ADC.c         ****   if(Pin == 4){
 185               		.stabn	68,0,24,.LM13-.LFBB2
 186               	.LM13:
 187 0030 8430      		cpi r24,lo8(4)
 188 0032 01F4      		brne .L6
  25:ADC.c         ****     ADMUX |= (1<<MUX0)|(1<<MUX1)|(1<<MUX2)|(1<<MUX3);
 189               		.stabn	68,0,25,.LM14-.LFBB2
 190               	.LM14:
 191 0034 87B1      		in r24,0x7
 192 0036 8F60      		ori r24,lo8(15)
 193               	.L15:
 194 0038 87B9      		out 0x7,r24
 195               	.L6:
  26:ADC.c         ****   }
  27:ADC.c         ****   
  28:ADC.c         ****   ADCSRA |= 1<<ADSC;
 196               		.stabn	68,0,28,.LM15-.LFBB2
 197               	.LM15:
 198 003a 369A      		sbi 0x6,6
 199               	.L11:
  29:ADC.c         ****   loop_until_bit_is_clear(ADCSRA,ADSC);
GAS LISTING /tmp/ccsuhmFa.s 			page 5


 200               		.stabn	68,0,29,.LM16-.LFBB2
 201               	.LM16:
 202 003c 3699      		sbic 0x6,6
 203 003e 00C0      		rjmp .L11
  30:ADC.c         ****   
  31:ADC.c         ****   return ADCH;
 204               		.stabn	68,0,31,.LM17-.LFBB2
 205               	.LM17:
 206 0040 85B1      		in r24,0x5
  32:ADC.c         **** }
 207               		.stabn	68,0,32,.LM18-.LFBB2
 208               	.LM18:
 209 0042 0895      		ret
 210               		.size	ADCReadChar, .-ADCReadChar
 211               	.Lscope2:
 212               		.stabs	"",36,0,0,.Lscope2-.LFBB2
 213               		.stabd	78,0,0
 214               		.stabs	"",100,0,0,.Letext0
 215               	.Letext0:
 216               		.ident	"GCC: (GNU) 4.8.2"
GAS LISTING /tmp/ccsuhmFa.s 			page 6


DEFINED SYMBOLS
                            *ABS*:0000000000000000 ADC.c
     /tmp/ccsuhmFa.s:2      *ABS*:000000000000003e __SP_H__
     /tmp/ccsuhmFa.s:3      *ABS*:000000000000003d __SP_L__
     /tmp/ccsuhmFa.s:4      *ABS*:000000000000003f __SREG__
     /tmp/ccsuhmFa.s:5      *ABS*:0000000000000000 __tmp_reg__
     /tmp/ccsuhmFa.s:6      *ABS*:0000000000000001 __zero_reg__
     /tmp/ccsuhmFa.s:108    .text:0000000000000000 ADCInitChar
     /tmp/ccsuhmFa.s:144    .text:0000000000000012 ADCReadChar

NO UNDEFINED SYMBOLS
